2024-04-10 11:30:19,852 - distributed.nanny - INFO -         Start Nanny at: 'tcp://10.1.8.119:41463'
2024-04-10 11:30:49,237 - distributed.worker - INFO -       Start worker at:     tcp://10.1.8.119:37935
2024-04-10 11:30:49,242 - distributed.worker - INFO -          Listening to:     tcp://10.1.8.119:37935
2024-04-10 11:30:49,246 - distributed.worker - INFO -           Worker name:            SLURMCluster-23
2024-04-10 11:30:49,252 - distributed.worker - INFO -          dashboard at:           10.1.8.119:36867
2024-04-10 11:30:49,259 - distributed.worker - INFO - Waiting to connect to:     tcp://10.1.8.115:34365
2024-04-10 11:30:49,263 - distributed.worker - INFO - -------------------------------------------------
2024-04-10 11:30:49,272 - distributed.worker - INFO -               Threads:                          2
2024-04-10 11:30:49,277 - distributed.worker - INFO -                Memory:                   7.45 GiB
2024-04-10 11:30:49,282 - distributed.worker - INFO -       Local Directory: /local/bgfs/sean.kearney/12177034/dask-scratch-space/worker-oy80zrkl
2024-04-10 11:30:49,288 - distributed.worker - INFO - -------------------------------------------------
2024-04-10 11:31:03,062 - distributed.worker - INFO - Starting Worker plugin shuffle
2024-04-10 11:31:03,070 - distributed.worker - INFO -         Registered to:     tcp://10.1.8.115:34365
2024-04-10 11:31:03,076 - distributed.worker - INFO - -------------------------------------------------
2024-04-10 11:31:03,080 - distributed.core - INFO - Starting established connection to tcp://10.1.8.115:34365
2024-04-10 11:33:26,320 - distributed.core - INFO - Event loop was unresponsive in Worker for 14.26s.  This is often caused by long-running GIL-holding functions or moving large chunks of data. This can cause timeouts and instability.
2024-04-10 11:33:48,256 - distributed.worker - WARNING - Compute Failed
Key:       ('lasso-fit-ffad90fdbdb184da1904276b7c1809b1', 28, 4)
Function:  execute_task
args:      ((<function fit at 0x14d974049790>, Lasso(), array([[ 1.41396236, -1.20858475,  0.38085947, ...,  1.40572812,
         1.06293146, -0.45277347],
       [ 2.09493674, -0.60348987,  2.46432544, ..., -0.73830429,
        -1.10283997, -1.5863023 ],
       [ 1.02582935, -0.0215983 ,  1.22788804, ..., -1.01060322,
        -1.10938758, -1.15577952],
       ...,
       [-0.73411465,  1.77910533,  0.5842098 , ..., -0.31675252,
        -0.4272745 , -0.29052363],
       [-0.47911279,  1.45854044,  0.6212838 , ..., -0.15155855,
        -0.30765794, -0.13832555],
       [-0.73658858,  1.64721406,  0.46995448, ...,  0.01701722,
        -0.13370394,  0.02761326]]), (<function cv_extract at 0x14d9740493a0>, <dask_ml.model_selection.methods.CVCache object at 0x14d96f03beb0>, array([[4.29108775e-01, 1.07832404e+01, 1.59597290e-01, ...,
        1.09484185e+07, 7.96831851e+06, 7.75169721e+06],
       [4.94188004e-01, 1.22574533e+01, 2.27465660e-01, ...,
        6.84526644e+06, 4.35633914e+06, 4.73874471e+
kwargs:    {}
Exception: "ValueError('Input y contains NaN.')"

2024-04-10 11:33:48,262 - distributed.worker - WARNING - Compute Failed
Key:       ('lasso-fit-ffad90fdbdb184da1904276b7c1809b1', 6, 4)
Function:  execute_task
args:      ((<function fit at 0x14d974049790>, Lasso(), array([[ 1.41396236, -1.20858475,  0.38085947, ...,  1.40572812,
         1.06293146, -0.45277347],
       [ 2.09493674, -0.60348987,  2.46432544, ..., -0.73830429,
        -1.10283997, -1.5863023 ],
       [ 1.02582935, -0.0215983 ,  1.22788804, ..., -1.01060322,
        -1.10938758, -1.15577952],
       ...,
       [-0.73411465,  1.77910533,  0.5842098 , ..., -0.31675252,
        -0.4272745 , -0.29052363],
       [-0.47911279,  1.45854044,  0.6212838 , ..., -0.15155855,
        -0.30765794, -0.13832555],
       [-0.73658858,  1.64721406,  0.46995448, ...,  0.01701722,
        -0.13370394,  0.02761326]]), (<function cv_extract at 0x14d9740493a0>, <dask_ml.model_selection.methods.CVCache object at 0x14d96f03beb0>, array([[4.29108775e-01, 1.07832404e+01, 1.59597290e-01, ...,
        1.09484185e+07, 7.96831851e+06, 7.75169721e+06],
       [4.94188004e-01, 1.22574533e+01, 2.27465660e-01, ...,
        6.84526644e+06, 4.35633914e+06, 4.73874471e+
kwargs:    {}
Exception: "ValueError('Input y contains NaN.')"

2024-04-10 11:34:49,905 - distributed.worker - WARNING - Compute Failed
Key:       ('lasso-fit-f0d05bbcf1cbcdc42b3160481b747092', 16, 7)
Function:  execute_task
args:      ((<function fit at 0x14d974049790>, Lasso(), array([[ 1.27200977, -1.21908916,  0.29753099, ...,  1.54099271,
         1.24575022, -0.3944757 ],
       [ 1.92909033, -0.61346959,  2.49940162, ..., -0.71972513,
        -1.11501132, -1.63609455],
       [ 0.89749545, -0.03107346,  1.19269671, ..., -1.00684349,
        -1.12214844, -1.16451837],
       ...,
       [-0.8006962 ,  1.77119159,  0.51243785, ..., -0.2752311 ,
        -0.37862292, -0.21675419],
       [-0.55464177,  1.45034873,  0.55161878, ..., -0.10104672,
        -0.24823696, -0.05004294],
       [-0.80308333,  1.63918595,  0.39168932, ...,  0.07670351,
        -0.05862142,  0.13171932]]), (<function cv_extract at 0x14d9740493a0>, <dask_ml.model_selection.methods.CVCache object at 0x14d96d5613a0>, array([[4.29108775e-01, 1.07832404e+01, 1.59597290e-01, ...,
        1.09484185e+07, 7.96831851e+06, 7.75169721e+06],
       [4.94188004e-01, 1.22574533e+01, 2.27465660e-01, ...,
        6.84526644e+06, 4.35633914e+06, 4.73874471e+
kwargs:    {}
Exception: "ValueError('Input y contains NaN.')"

2024-04-10 11:34:49,913 - distributed.worker - WARNING - Compute Failed
Key:       ('lasso-fit-f0d05bbcf1cbcdc42b3160481b747092', 12, 7)
Function:  execute_task
args:      ((<function fit at 0x14d974049790>, Lasso(), array([[ 1.27200977, -1.21908916,  0.29753099, ...,  1.54099271,
         1.24575022, -0.3944757 ],
       [ 1.92909033, -0.61346959,  2.49940162, ..., -0.71972513,
        -1.11501132, -1.63609455],
       [ 0.89749545, -0.03107346,  1.19269671, ..., -1.00684349,
        -1.12214844, -1.16451837],
       ...,
       [-0.8006962 ,  1.77119159,  0.51243785, ..., -0.2752311 ,
        -0.37862292, -0.21675419],
       [-0.55464177,  1.45034873,  0.55161878, ..., -0.10104672,
        -0.24823696, -0.05004294],
       [-0.80308333,  1.63918595,  0.39168932, ...,  0.07670351,
        -0.05862142,  0.13171932]]), (<function cv_extract at 0x14d9740493a0>, <dask_ml.model_selection.methods.CVCache object at 0x14d96d5613a0>, array([[4.29108775e-01, 1.07832404e+01, 1.59597290e-01, ...,
        1.09484185e+07, 7.96831851e+06, 7.75169721e+06],
       [4.94188004e-01, 1.22574533e+01, 2.27465660e-01, ...,
        6.84526644e+06, 4.35633914e+06, 4.73874471e+
kwargs:    {}
Exception: "ValueError('Input y contains NaN.')"

2024-04-10 11:34:50,246 - distributed.worker - WARNING - Compute Failed
Key:       ('lasso-fit-f0d05bbcf1cbcdc42b3160481b747092', 8, 7)
Function:  execute_task
args:      ((<function fit at 0x14d974049790>, Lasso(), array([[ 1.27200977, -1.21908916,  0.29753099, ...,  1.54099271,
         1.24575022, -0.3944757 ],
       [ 1.92909033, -0.61346959,  2.49940162, ..., -0.71972513,
        -1.11501132, -1.63609455],
       [ 0.89749545, -0.03107346,  1.19269671, ..., -1.00684349,
        -1.12214844, -1.16451837],
       ...,
       [-0.8006962 ,  1.77119159,  0.51243785, ..., -0.2752311 ,
        -0.37862292, -0.21675419],
       [-0.55464177,  1.45034873,  0.55161878, ..., -0.10104672,
        -0.24823696, -0.05004294],
       [-0.80308333,  1.63918595,  0.39168932, ...,  0.07670351,
        -0.05862142,  0.13171932]]), (<function cv_extract at 0x14d9740493a0>, <dask_ml.model_selection.methods.CVCache object at 0x14d96d5613a0>, array([[4.29108775e-01, 1.07832404e+01, 1.59597290e-01, ...,
        1.09484185e+07, 7.96831851e+06, 7.75169721e+06],
       [4.94188004e-01, 1.22574533e+01, 2.27465660e-01, ...,
        6.84526644e+06, 4.35633914e+06, 4.73874471e+
kwargs:    {}
Exception: "ValueError('Input y contains NaN.')"

2024-04-10 11:34:50,256 - distributed.worker - WARNING - Compute Failed
Key:       ('lasso-fit-f0d05bbcf1cbcdc42b3160481b747092', 6, 7)
Function:  execute_task
args:      ((<function fit at 0x14d974049790>, Lasso(), array([[ 1.27200977, -1.21908916,  0.29753099, ...,  1.54099271,
         1.24575022, -0.3944757 ],
       [ 1.92909033, -0.61346959,  2.49940162, ..., -0.71972513,
        -1.11501132, -1.63609455],
       [ 0.89749545, -0.03107346,  1.19269671, ..., -1.00684349,
        -1.12214844, -1.16451837],
       ...,
       [-0.8006962 ,  1.77119159,  0.51243785, ..., -0.2752311 ,
        -0.37862292, -0.21675419],
       [-0.55464177,  1.45034873,  0.55161878, ..., -0.10104672,
        -0.24823696, -0.05004294],
       [-0.80308333,  1.63918595,  0.39168932, ...,  0.07670351,
        -0.05862142,  0.13171932]]), (<function cv_extract at 0x14d9740493a0>, <dask_ml.model_selection.methods.CVCache object at 0x14d96d5613a0>, array([[4.29108775e-01, 1.07832404e+01, 1.59597290e-01, ...,
        1.09484185e+07, 7.96831851e+06, 7.75169721e+06],
       [4.94188004e-01, 1.22574533e+01, 2.27465660e-01, ...,
        6.84526644e+06, 4.35633914e+06, 4.73874471e+
kwargs:    {}
Exception: "ValueError('Input y contains NaN.')"

2024-04-10 11:34:50,446 - distributed.worker - WARNING - Compute Failed
Key:       ('lasso-fit-f0d05bbcf1cbcdc42b3160481b747092', 19, 7)
Function:  execute_task
args:      ((<function fit at 0x14d974049790>, Lasso(), array([[ 1.27200977, -1.21908916,  0.29753099, ...,  1.54099271,
         1.24575022, -0.3944757 ],
       [ 1.92909033, -0.61346959,  2.49940162, ..., -0.71972513,
        -1.11501132, -1.63609455],
       [ 0.89749545, -0.03107346,  1.19269671, ..., -1.00684349,
        -1.12214844, -1.16451837],
       ...,
       [-0.8006962 ,  1.77119159,  0.51243785, ..., -0.2752311 ,
        -0.37862292, -0.21675419],
       [-0.55464177,  1.45034873,  0.55161878, ..., -0.10104672,
        -0.24823696, -0.05004294],
       [-0.80308333,  1.63918595,  0.39168932, ...,  0.07670351,
        -0.05862142,  0.13171932]]), (<function cv_extract at 0x14d9740493a0>, <dask_ml.model_selection.methods.CVCache object at 0x14d96d5613a0>, array([[4.29108775e-01, 1.07832404e+01, 1.59597290e-01, ...,
        1.09484185e+07, 7.96831851e+06, 7.75169721e+06],
       [4.94188004e-01, 1.22574533e+01, 2.27465660e-01, ...,
        6.84526644e+06, 4.35633914e+06, 4.73874471e+
kwargs:    {}
Exception: "ValueError('Input y contains NaN.')"

2024-04-10 11:34:50,464 - distributed.worker - WARNING - Compute Failed
Key:       ('lasso-fit-f0d05bbcf1cbcdc42b3160481b747092', 15, 3)
Function:  execute_task
args:      ((<function fit at 0x14d974049790>, Lasso(), array([[ 1.37228388, -1.15684771,  0.40289117, ...,  1.31835935,
         0.98988828, -0.5057341 ],
       [ 2.04459575, -0.55374162,  2.50158603, ..., -0.83095765,
        -1.19392924, -1.64399679],
       [ 0.98908822,  0.02623741,  1.25611101, ..., -1.10392774,
        -1.20053142, -1.21167606],
       ...,
       [-0.74846797,  1.82102257,  0.60772787, ..., -0.40836684,
        -0.51273469, -0.34280667],
       [-0.49670993,  1.5015113 ,  0.64507286, ..., -0.2427657 ,
        -0.39212144, -0.18997298],
       [-0.75091043,  1.6895648 ,  0.49263741, ..., -0.07377443,
        -0.21671798, -0.02334117]]), (<function cv_extract at 0x14d9740493a0>, <dask_ml.model_selection.methods.CVCache object at 0x14d96d5613a0>, array([[4.29108775e-01, 1.07832404e+01, 1.59597290e-01, ...,
        1.09484185e+07, 7.96831851e+06, 7.75169721e+06],
       [4.94188004e-01, 1.22574533e+01, 2.27465660e-01, ...,
        6.84526644e+06, 4.35633914e+06, 4.73874471e+
kwargs:    {}
Exception: "ValueError('Input y contains NaN.')"

2024-04-10 11:34:50,505 - distributed.worker - WARNING - Compute Failed
Key:       ('lasso-fit-f0d05bbcf1cbcdc42b3160481b747092', 15, 7)
Function:  execute_task
args:      ((<function fit at 0x14d974049790>, Lasso(), array([[ 1.27200977, -1.21908916,  0.29753099, ...,  1.54099271,
         1.24575022, -0.3944757 ],
       [ 1.92909033, -0.61346959,  2.49940162, ..., -0.71972513,
        -1.11501132, -1.63609455],
       [ 0.89749545, -0.03107346,  1.19269671, ..., -1.00684349,
        -1.12214844, -1.16451837],
       ...,
       [-0.8006962 ,  1.77119159,  0.51243785, ..., -0.2752311 ,
        -0.37862292, -0.21675419],
       [-0.55464177,  1.45034873,  0.55161878, ..., -0.10104672,
        -0.24823696, -0.05004294],
       [-0.80308333,  1.63918595,  0.39168932, ...,  0.07670351,
        -0.05862142,  0.13171932]]), (<function cv_extract at 0x14d9740493a0>, <dask_ml.model_selection.methods.CVCache object at 0x14d96d5613a0>, array([[4.29108775e-01, 1.07832404e+01, 1.59597290e-01, ...,
        1.09484185e+07, 7.96831851e+06, 7.75169721e+06],
       [4.94188004e-01, 1.22574533e+01, 2.27465660e-01, ...,
        6.84526644e+06, 4.35633914e+06, 4.73874471e+
kwargs:    {}
Exception: "ValueError('Input y contains NaN.')"

2024-04-10 11:34:50,528 - distributed.worker - WARNING - Compute Failed
Key:       ('lasso-fit-f0d05bbcf1cbcdc42b3160481b747092', 13, 7)
Function:  execute_task
args:      ((<function fit at 0x14d974049790>, Lasso(), array([[ 1.27200977, -1.21908916,  0.29753099, ...,  1.54099271,
         1.24575022, -0.3944757 ],
       [ 1.92909033, -0.61346959,  2.49940162, ..., -0.71972513,
        -1.11501132, -1.63609455],
       [ 0.89749545, -0.03107346,  1.19269671, ..., -1.00684349,
        -1.12214844, -1.16451837],
       ...,
       [-0.8006962 ,  1.77119159,  0.51243785, ..., -0.2752311 ,
        -0.37862292, -0.21675419],
       [-0.55464177,  1.45034873,  0.55161878, ..., -0.10104672,
        -0.24823696, -0.05004294],
       [-0.80308333,  1.63918595,  0.39168932, ...,  0.07670351,
        -0.05862142,  0.13171932]]), (<function cv_extract at 0x14d9740493a0>, <dask_ml.model_selection.methods.CVCache object at 0x14d96d5613a0>, array([[4.29108775e-01, 1.07832404e+01, 1.59597290e-01, ...,
        1.09484185e+07, 7.96831851e+06, 7.75169721e+06],
       [4.94188004e-01, 1.22574533e+01, 2.27465660e-01, ...,
        6.84526644e+06, 4.35633914e+06, 4.73874471e+
kwargs:    {}
Exception: "ValueError('Input y contains NaN.')"

2024-04-10 11:34:50,559 - distributed.worker - WARNING - Compute Failed
Key:       ('lasso-fit-f0d05bbcf1cbcdc42b3160481b747092', 2, 7)
Function:  execute_task
args:      ((<function fit at 0x14d974049790>, Lasso(), array([[ 1.27200977, -1.21908916,  0.29753099, ...,  1.54099271,
         1.24575022, -0.3944757 ],
       [ 1.92909033, -0.61346959,  2.49940162, ..., -0.71972513,
        -1.11501132, -1.63609455],
       [ 0.89749545, -0.03107346,  1.19269671, ..., -1.00684349,
        -1.12214844, -1.16451837],
       ...,
       [-0.8006962 ,  1.77119159,  0.51243785, ..., -0.2752311 ,
        -0.37862292, -0.21675419],
       [-0.55464177,  1.45034873,  0.55161878, ..., -0.10104672,
        -0.24823696, -0.05004294],
       [-0.80308333,  1.63918595,  0.39168932, ...,  0.07670351,
        -0.05862142,  0.13171932]]), (<function cv_extract at 0x14d9740493a0>, <dask_ml.model_selection.methods.CVCache object at 0x14d96d5613a0>, array([[4.29108775e-01, 1.07832404e+01, 1.59597290e-01, ...,
        1.09484185e+07, 7.96831851e+06, 7.75169721e+06],
       [4.94188004e-01, 1.22574533e+01, 2.27465660e-01, ...,
        6.84526644e+06, 4.35633914e+06, 4.73874471e+
kwargs:    {}
Exception: "ValueError('Input y contains NaN.')"

2024-04-10 11:34:50,637 - distributed.worker - WARNING - Compute Failed
Key:       ('lasso-fit-f0d05bbcf1cbcdc42b3160481b747092', 22, 7)
Function:  execute_task
args:      ((<function fit at 0x14d974049790>, Lasso(), array([[ 1.27200977, -1.21908916,  0.29753099, ...,  1.54099271,
         1.24575022, -0.3944757 ],
       [ 1.92909033, -0.61346959,  2.49940162, ..., -0.71972513,
        -1.11501132, -1.63609455],
       [ 0.89749545, -0.03107346,  1.19269671, ..., -1.00684349,
        -1.12214844, -1.16451837],
       ...,
       [-0.8006962 ,  1.77119159,  0.51243785, ..., -0.2752311 ,
        -0.37862292, -0.21675419],
       [-0.55464177,  1.45034873,  0.55161878, ..., -0.10104672,
        -0.24823696, -0.05004294],
       [-0.80308333,  1.63918595,  0.39168932, ...,  0.07670351,
        -0.05862142,  0.13171932]]), (<function cv_extract at 0x14d9740493a0>, <dask_ml.model_selection.methods.CVCache object at 0x14d96d5613a0>, array([[4.29108775e-01, 1.07832404e+01, 1.59597290e-01, ...,
        1.09484185e+07, 7.96831851e+06, 7.75169721e+06],
       [4.94188004e-01, 1.22574533e+01, 2.27465660e-01, ...,
        6.84526644e+06, 4.35633914e+06, 4.73874471e+
kwargs:    {}
Exception: "ValueError('Input y contains NaN.')"

2024-04-10 11:34:50,646 - distributed.worker - WARNING - Compute Failed
Key:       ('lasso-fit-f0d05bbcf1cbcdc42b3160481b747092', 11, 7)
Function:  execute_task
args:      ((<function fit at 0x14d974049790>, Lasso(), array([[ 1.27200977, -1.21908916,  0.29753099, ...,  1.54099271,
         1.24575022, -0.3944757 ],
       [ 1.92909033, -0.61346959,  2.49940162, ..., -0.71972513,
        -1.11501132, -1.63609455],
       [ 0.89749545, -0.03107346,  1.19269671, ..., -1.00684349,
        -1.12214844, -1.16451837],
       ...,
       [-0.8006962 ,  1.77119159,  0.51243785, ..., -0.2752311 ,
        -0.37862292, -0.21675419],
       [-0.55464177,  1.45034873,  0.55161878, ..., -0.10104672,
        -0.24823696, -0.05004294],
       [-0.80308333,  1.63918595,  0.39168932, ...,  0.07670351,
        -0.05862142,  0.13171932]]), (<function cv_extract at 0x14d9740493a0>, <dask_ml.model_selection.methods.CVCache object at 0x14d96d5613a0>, array([[4.29108775e-01, 1.07832404e+01, 1.59597290e-01, ...,
        1.09484185e+07, 7.96831851e+06, 7.75169721e+06],
       [4.94188004e-01, 1.22574533e+01, 2.27465660e-01, ...,
        6.84526644e+06, 4.35633914e+06, 4.73874471e+
kwargs:    {}
Exception: "ValueError('Input y contains NaN.')"

2024-04-10 11:34:50,744 - distributed.worker - WARNING - Compute Failed
Key:       ('lasso-fit-f0d05bbcf1cbcdc42b3160481b747092', 29, 7)
Function:  execute_task
args:      ((<function fit at 0x14d974049790>, Lasso(), array([[ 1.27200977, -1.21908916,  0.29753099, ...,  1.54099271,
         1.24575022, -0.3944757 ],
       [ 1.92909033, -0.61346959,  2.49940162, ..., -0.71972513,
        -1.11501132, -1.63609455],
       [ 0.89749545, -0.03107346,  1.19269671, ..., -1.00684349,
        -1.12214844, -1.16451837],
       ...,
       [-0.8006962 ,  1.77119159,  0.51243785, ..., -0.2752311 ,
        -0.37862292, -0.21675419],
       [-0.55464177,  1.45034873,  0.55161878, ..., -0.10104672,
        -0.24823696, -0.05004294],
       [-0.80308333,  1.63918595,  0.39168932, ...,  0.07670351,
        -0.05862142,  0.13171932]]), (<function cv_extract at 0x14d9740493a0>, <dask_ml.model_selection.methods.CVCache object at 0x14d96d5613a0>, array([[4.29108775e-01, 1.07832404e+01, 1.59597290e-01, ...,
        1.09484185e+07, 7.96831851e+06, 7.75169721e+06],
       [4.94188004e-01, 1.22574533e+01, 2.27465660e-01, ...,
        6.84526644e+06, 4.35633914e+06, 4.73874471e+
kwargs:    {}
Exception: "ValueError('Input y contains NaN.')"

2024-04-10 11:34:50,787 - distributed.worker - WARNING - Compute Failed
Key:       ('lasso-fit-f0d05bbcf1cbcdc42b3160481b747092', 18, 7)
Function:  execute_task
args:      ((<function fit at 0x14d974049790>, Lasso(), array([[ 1.27200977, -1.21908916,  0.29753099, ...,  1.54099271,
         1.24575022, -0.3944757 ],
       [ 1.92909033, -0.61346959,  2.49940162, ..., -0.71972513,
        -1.11501132, -1.63609455],
       [ 0.89749545, -0.03107346,  1.19269671, ..., -1.00684349,
        -1.12214844, -1.16451837],
       ...,
       [-0.8006962 ,  1.77119159,  0.51243785, ..., -0.2752311 ,
        -0.37862292, -0.21675419],
       [-0.55464177,  1.45034873,  0.55161878, ..., -0.10104672,
        -0.24823696, -0.05004294],
       [-0.80308333,  1.63918595,  0.39168932, ...,  0.07670351,
        -0.05862142,  0.13171932]]), (<function cv_extract at 0x14d9740493a0>, <dask_ml.model_selection.methods.CVCache object at 0x14d96d5613a0>, array([[4.29108775e-01, 1.07832404e+01, 1.59597290e-01, ...,
        1.09484185e+07, 7.96831851e+06, 7.75169721e+06],
       [4.94188004e-01, 1.22574533e+01, 2.27465660e-01, ...,
        6.84526644e+06, 4.35633914e+06, 4.73874471e+
kwargs:    {}
Exception: "ValueError('Input y contains NaN.')"

2024-04-10 11:34:50,840 - distributed.worker - WARNING - Compute Failed
Key:       ('lasso-fit-f0d05bbcf1cbcdc42b3160481b747092', 27, 7)
Function:  execute_task
args:      ((<function fit at 0x14d974049790>, Lasso(), array([[ 1.27200977, -1.21908916,  0.29753099, ...,  1.54099271,
         1.24575022, -0.3944757 ],
       [ 1.92909033, -0.61346959,  2.49940162, ..., -0.71972513,
        -1.11501132, -1.63609455],
       [ 0.89749545, -0.03107346,  1.19269671, ..., -1.00684349,
        -1.12214844, -1.16451837],
       ...,
       [-0.8006962 ,  1.77119159,  0.51243785, ..., -0.2752311 ,
        -0.37862292, -0.21675419],
       [-0.55464177,  1.45034873,  0.55161878, ..., -0.10104672,
        -0.24823696, -0.05004294],
       [-0.80308333,  1.63918595,  0.39168932, ...,  0.07670351,
        -0.05862142,  0.13171932]]), (<function cv_extract at 0x14d9740493a0>, <dask_ml.model_selection.methods.CVCache object at 0x14d96d5613a0>, array([[4.29108775e-01, 1.07832404e+01, 1.59597290e-01, ...,
        1.09484185e+07, 7.96831851e+06, 7.75169721e+06],
       [4.94188004e-01, 1.22574533e+01, 2.27465660e-01, ...,
        6.84526644e+06, 4.35633914e+06, 4.73874471e+
kwargs:    {}
Exception: "ValueError('Input y contains NaN.')"

2024-04-10 11:34:50,868 - distributed.worker - WARNING - Compute Failed
Key:       ('lasso-fit-f0d05bbcf1cbcdc42b3160481b747092', 1, 7)
Function:  execute_task
args:      ((<function fit at 0x14d974049790>, Lasso(), array([[ 1.27200977, -1.21908916,  0.29753099, ...,  1.54099271,
         1.24575022, -0.3944757 ],
       [ 1.92909033, -0.61346959,  2.49940162, ..., -0.71972513,
        -1.11501132, -1.63609455],
       [ 0.89749545, -0.03107346,  1.19269671, ..., -1.00684349,
        -1.12214844, -1.16451837],
       ...,
       [-0.8006962 ,  1.77119159,  0.51243785, ..., -0.2752311 ,
        -0.37862292, -0.21675419],
       [-0.55464177,  1.45034873,  0.55161878, ..., -0.10104672,
        -0.24823696, -0.05004294],
       [-0.80308333,  1.63918595,  0.39168932, ...,  0.07670351,
        -0.05862142,  0.13171932]]), (<function cv_extract at 0x14d9740493a0>, <dask_ml.model_selection.methods.CVCache object at 0x14d96d5613a0>, array([[4.29108775e-01, 1.07832404e+01, 1.59597290e-01, ...,
        1.09484185e+07, 7.96831851e+06, 7.75169721e+06],
       [4.94188004e-01, 1.22574533e+01, 2.27465660e-01, ...,
        6.84526644e+06, 4.35633914e+06, 4.73874471e+
kwargs:    {}
Exception: "ValueError('Input y contains NaN.')"

2024-04-10 11:34:50,903 - distributed.worker - WARNING - Compute Failed
Key:       ('lasso-fit-f0d05bbcf1cbcdc42b3160481b747092', 25, 3)
Function:  execute_task
args:      ((<function fit at 0x14d974049790>, Lasso(), array([[ 1.37228388, -1.15684771,  0.40289117, ...,  1.31835935,
         0.98988828, -0.5057341 ],
       [ 2.04459575, -0.55374162,  2.50158603, ..., -0.83095765,
        -1.19392924, -1.64399679],
       [ 0.98908822,  0.02623741,  1.25611101, ..., -1.10392774,
        -1.20053142, -1.21167606],
       ...,
       [-0.74846797,  1.82102257,  0.60772787, ..., -0.40836684,
        -0.51273469, -0.34280667],
       [-0.49670993,  1.5015113 ,  0.64507286, ..., -0.2427657 ,
        -0.39212144, -0.18997298],
       [-0.75091043,  1.6895648 ,  0.49263741, ..., -0.07377443,
        -0.21671798, -0.02334117]]), (<function cv_extract at 0x14d9740493a0>, <dask_ml.model_selection.methods.CVCache object at 0x14d96d5613a0>, array([[4.29108775e-01, 1.07832404e+01, 1.59597290e-01, ...,
        1.09484185e+07, 7.96831851e+06, 7.75169721e+06],
       [4.94188004e-01, 1.22574533e+01, 2.27465660e-01, ...,
        6.84526644e+06, 4.35633914e+06, 4.73874471e+
kwargs:    {}
Exception: "ValueError('Input y contains NaN.')"

2024-04-10 11:34:50,938 - distributed.worker - WARNING - Compute Failed
Key:       ('lasso-fit-f0d05bbcf1cbcdc42b3160481b747092', 3, 3)
Function:  execute_task
args:      ((<function fit at 0x14d974049790>, Lasso(), array([[ 1.37228388, -1.15684771,  0.40289117, ...,  1.31835935,
         0.98988828, -0.5057341 ],
       [ 2.04459575, -0.55374162,  2.50158603, ..., -0.83095765,
        -1.19392924, -1.64399679],
       [ 0.98908822,  0.02623741,  1.25611101, ..., -1.10392774,
        -1.20053142, -1.21167606],
       ...,
       [-0.74846797,  1.82102257,  0.60772787, ..., -0.40836684,
        -0.51273469, -0.34280667],
       [-0.49670993,  1.5015113 ,  0.64507286, ..., -0.2427657 ,
        -0.39212144, -0.18997298],
       [-0.75091043,  1.6895648 ,  0.49263741, ..., -0.07377443,
        -0.21671798, -0.02334117]]), (<function cv_extract at 0x14d9740493a0>, <dask_ml.model_selection.methods.CVCache object at 0x14d96d5613a0>, array([[4.29108775e-01, 1.07832404e+01, 1.59597290e-01, ...,
        1.09484185e+07, 7.96831851e+06, 7.75169721e+06],
       [4.94188004e-01, 1.22574533e+01, 2.27465660e-01, ...,
        6.84526644e+06, 4.35633914e+06, 4.73874471e+
kwargs:    {}
Exception: "ValueError('Input y contains NaN.')"

2024-04-10 11:34:50,980 - distributed.worker - WARNING - Compute Failed
Key:       ('lasso-fit-f0d05bbcf1cbcdc42b3160481b747092', 5, 3)
Function:  execute_task
args:      ((<function fit at 0x14d974049790>, Lasso(), array([[ 1.37228388, -1.15684771,  0.40289117, ...,  1.31835935,
         0.98988828, -0.5057341 ],
       [ 2.04459575, -0.55374162,  2.50158603, ..., -0.83095765,
        -1.19392924, -1.64399679],
       [ 0.98908822,  0.02623741,  1.25611101, ..., -1.10392774,
        -1.20053142, -1.21167606],
       ...,
       [-0.74846797,  1.82102257,  0.60772787, ..., -0.40836684,
        -0.51273469, -0.34280667],
       [-0.49670993,  1.5015113 ,  0.64507286, ..., -0.2427657 ,
        -0.39212144, -0.18997298],
       [-0.75091043,  1.6895648 ,  0.49263741, ..., -0.07377443,
        -0.21671798, -0.02334117]]), (<function cv_extract at 0x14d9740493a0>, <dask_ml.model_selection.methods.CVCache object at 0x14d96d5613a0>, array([[4.29108775e-01, 1.07832404e+01, 1.59597290e-01, ...,
        1.09484185e+07, 7.96831851e+06, 7.75169721e+06],
       [4.94188004e-01, 1.22574533e+01, 2.27465660e-01, ...,
        6.84526644e+06, 4.35633914e+06, 4.73874471e+
kwargs:    {}
Exception: "ValueError('Input y contains NaN.')"

2024-04-10 11:34:51,023 - distributed.worker - WARNING - Compute Failed
Key:       ('lasso-fit-f0d05bbcf1cbcdc42b3160481b747092', 21, 3)
Function:  execute_task
args:      ((<function fit at 0x14d974049790>, Lasso(), array([[ 1.37228388, -1.15684771,  0.40289117, ...,  1.31835935,
         0.98988828, -0.5057341 ],
       [ 2.04459575, -0.55374162,  2.50158603, ..., -0.83095765,
        -1.19392924, -1.64399679],
       [ 0.98908822,  0.02623741,  1.25611101, ..., -1.10392774,
        -1.20053142, -1.21167606],
       ...,
       [-0.74846797,  1.82102257,  0.60772787, ..., -0.40836684,
        -0.51273469, -0.34280667],
       [-0.49670993,  1.5015113 ,  0.64507286, ..., -0.2427657 ,
        -0.39212144, -0.18997298],
       [-0.75091043,  1.6895648 ,  0.49263741, ..., -0.07377443,
        -0.21671798, -0.02334117]]), (<function cv_extract at 0x14d9740493a0>, <dask_ml.model_selection.methods.CVCache object at 0x14d96d5613a0>, array([[4.29108775e-01, 1.07832404e+01, 1.59597290e-01, ...,
        1.09484185e+07, 7.96831851e+06, 7.75169721e+06],
       [4.94188004e-01, 1.22574533e+01, 2.27465660e-01, ...,
        6.84526644e+06, 4.35633914e+06, 4.73874471e+
kwargs:    {}
Exception: "ValueError('Input y contains NaN.')"

2024-04-10 11:34:51,219 - distributed.worker - WARNING - Compute Failed
Key:       ('score-f0d05bbcf1cbcdc42b3160481b747092', 28, 8)
Function:  execute_task
args:      ((<function score at 0x14d974049940>, (Pipeline(steps=[('scaler', StandardScaler()),
                ('LASSO', Lasso(alpha=7.278953843983146))]), 0.16908229299951927), (<function cv_extract at 0x14d9740493a0>, <dask_ml.model_selection.methods.CVCache object at 0x14d96d5613a0>, array([[4.29108775e-01, 1.07832404e+01, 1.59597290e-01, ...,
        1.09484185e+07, 7.96831851e+06, 7.75169721e+06],
       [4.94188004e-01, 1.22574533e+01, 2.27465660e-01, ...,
        6.84526644e+06, 4.35633914e+06, 4.73874471e+06],
       [3.92015754e-01, 1.36751351e+01, 1.87189029e-01, ...,
        6.32415309e+06, 4.34541931e+06, 5.88308674e+06],
       ...,
       [2.23821763e-01, 1.80622494e+01, 1.66221375e-01, ...,
        7.65201312e+06, 5.48301783e+06, 8.18296198e+06],
       [2.48191731e-01, 1.72812465e+01, 1.67429051e-01, ...,
        7.96815385e+06, 5.68250913e+06, 8.58750890e+06],
       [2.23585335e-01, 1.77409183e+01, 1.62499537e-01, ...,
        8.29076651e+06, 5.97262205e+06, 9.02857907e+06]]), 
kwargs:    {}
Exception: "ValueError('Input contains NaN.')"

2024-04-10 11:34:54,763 - distributed.worker - WARNING - Compute Failed
Key:       ('score-f0d05bbcf1cbcdc42b3160481b747092', 2, 8)
Function:  execute_task
args:      ((<function score at 0x14d974049940>, (Pipeline(steps=[('scaler', StandardScaler()),
                ('LASSO', Lasso(alpha=0.0018873918221350978))]), 3.6462323279993143), (<function cv_extract at 0x14d9740493a0>, <dask_ml.model_selection.methods.CVCache object at 0x14d96d5613a0>, array([[4.29108775e-01, 1.07832404e+01, 1.59597290e-01, ...,
        1.09484185e+07, 7.96831851e+06, 7.75169721e+06],
       [4.94188004e-01, 1.22574533e+01, 2.27465660e-01, ...,
        6.84526644e+06, 4.35633914e+06, 4.73874471e+06],
       [3.92015754e-01, 1.36751351e+01, 1.87189029e-01, ...,
        6.32415309e+06, 4.34541931e+06, 5.88308674e+06],
       ...,
       [2.23821763e-01, 1.80622494e+01, 1.66221375e-01, ...,
        7.65201312e+06, 5.48301783e+06, 8.18296198e+06],
       [2.48191731e-01, 1.72812465e+01, 1.67429051e-01, ...,
        7.96815385e+06, 5.68250913e+06, 8.58750890e+06],
       [2.23585335e-01, 1.77409183e+01, 1.62499537e-01, ...,
        8.29076651e+06, 5.97262205e+06, 9.02857907e+06]]
kwargs:    {}
Exception: "ValueError('Input contains NaN.')"

2024-04-10 11:34:54,811 - distributed.worker - WARNING - Compute Failed
Key:       ('score-f0d05bbcf1cbcdc42b3160481b747092', 15, 8)
Function:  execute_task
args:      ((<function score at 0x14d974049940>, (Pipeline(steps=[('scaler', StandardScaler()),
                ('LASSO', Lasso(alpha=0.11721022975334805))]), 3.899893802998122), (<function cv_extract at 0x14d9740493a0>, <dask_ml.model_selection.methods.CVCache object at 0x14d96d5613a0>, array([[4.29108775e-01, 1.07832404e+01, 1.59597290e-01, ...,
        1.09484185e+07, 7.96831851e+06, 7.75169721e+06],
       [4.94188004e-01, 1.22574533e+01, 2.27465660e-01, ...,
        6.84526644e+06, 4.35633914e+06, 4.73874471e+06],
       [3.92015754e-01, 1.36751351e+01, 1.87189029e-01, ...,
        6.32415309e+06, 4.34541931e+06, 5.88308674e+06],
       ...,
       [2.23821763e-01, 1.80622494e+01, 1.66221375e-01, ...,
        7.65201312e+06, 5.48301783e+06, 8.18296198e+06],
       [2.48191731e-01, 1.72812465e+01, 1.67429051e-01, ...,
        7.96815385e+06, 5.68250913e+06, 8.58750890e+06],
       [2.23585335e-01, 1.77409183e+01, 1.62499537e-01, ...,
        8.29076651e+06, 5.97262205e+06, 9.02857907e+06]]), 
kwargs:    {}
Exception: "ValueError('Input contains NaN.')"

2024-04-10 11:34:54,873 - distributed.worker - WARNING - Compute Failed
Key:       ('score-f0d05bbcf1cbcdc42b3160481b747092', 13, 8)
Function:  execute_task
args:      ((<function score at 0x14d974049940>, (Pipeline(steps=[('scaler', StandardScaler()),
                ('LASSO', Lasso(alpha=0.06210169418915616))]), 4.182751421998546), (<function cv_extract at 0x14d9740493a0>, <dask_ml.model_selection.methods.CVCache object at 0x14d96d5613a0>, array([[4.29108775e-01, 1.07832404e+01, 1.59597290e-01, ...,
        1.09484185e+07, 7.96831851e+06, 7.75169721e+06],
       [4.94188004e-01, 1.22574533e+01, 2.27465660e-01, ...,
        6.84526644e+06, 4.35633914e+06, 4.73874471e+06],
       [3.92015754e-01, 1.36751351e+01, 1.87189029e-01, ...,
        6.32415309e+06, 4.34541931e+06, 5.88308674e+06],
       ...,
       [2.23821763e-01, 1.80622494e+01, 1.66221375e-01, ...,
        7.65201312e+06, 5.48301783e+06, 8.18296198e+06],
       [2.48191731e-01, 1.72812465e+01, 1.67429051e-01, ...,
        7.96815385e+06, 5.68250913e+06, 8.58750890e+06],
       [2.23585335e-01, 1.77409183e+01, 1.62499537e-01, ...,
        8.29076651e+06, 5.97262205e+06, 9.02857907e+06]]), 
kwargs:    {}
Exception: "ValueError('Input contains NaN.')"

2024-04-10 11:34:54,997 - distributed.worker - WARNING - Compute Failed
Key:       ('score-f0d05bbcf1cbcdc42b3160481b747092', 14, 8)
Function:  execute_task
args:      ((<function score at 0x14d974049940>, (Pipeline(steps=[('scaler', StandardScaler()),
                ('LASSO', Lasso(alpha=0.08531678524172805))]), 4.316790854998544), (<function cv_extract at 0x14d9740493a0>, <dask_ml.model_selection.methods.CVCache object at 0x14d96d5613a0>, array([[4.29108775e-01, 1.07832404e+01, 1.59597290e-01, ...,
        1.09484185e+07, 7.96831851e+06, 7.75169721e+06],
       [4.94188004e-01, 1.22574533e+01, 2.27465660e-01, ...,
        6.84526644e+06, 4.35633914e+06, 4.73874471e+06],
       [3.92015754e-01, 1.36751351e+01, 1.87189029e-01, ...,
        6.32415309e+06, 4.34541931e+06, 5.88308674e+06],
       ...,
       [2.23821763e-01, 1.80622494e+01, 1.66221375e-01, ...,
        7.65201312e+06, 5.48301783e+06, 8.18296198e+06],
       [2.48191731e-01, 1.72812465e+01, 1.67429051e-01, ...,
        7.96815385e+06, 5.68250913e+06, 8.58750890e+06],
       [2.23585335e-01, 1.77409183e+01, 1.62499537e-01, ...,
        8.29076651e+06, 5.97262205e+06, 9.02857907e+06]]), 
kwargs:    {}
Exception: "ValueError('Input contains NaN.')"

2024-04-10 11:34:55,172 - distributed.worker - WARNING - Compute Failed
Key:       ('score-f0d05bbcf1cbcdc42b3160481b747092', 5, 8)
Function:  execute_task
args:      ((<function score at 0x14d974049940>, (Pipeline(steps=[('scaler', StandardScaler()),
                ('LASSO', Lasso(alpha=0.004893900918477494))]), 4.165173958001105), (<function cv_extract at 0x14d9740493a0>, <dask_ml.model_selection.methods.CVCache object at 0x14d96d5613a0>, array([[4.29108775e-01, 1.07832404e+01, 1.59597290e-01, ...,
        1.09484185e+07, 7.96831851e+06, 7.75169721e+06],
       [4.94188004e-01, 1.22574533e+01, 2.27465660e-01, ...,
        6.84526644e+06, 4.35633914e+06, 4.73874471e+06],
       [3.92015754e-01, 1.36751351e+01, 1.87189029e-01, ...,
        6.32415309e+06, 4.34541931e+06, 5.88308674e+06],
       ...,
       [2.23821763e-01, 1.80622494e+01, 1.66221375e-01, ...,
        7.65201312e+06, 5.48301783e+06, 8.18296198e+06],
       [2.48191731e-01, 1.72812465e+01, 1.67429051e-01, ...,
        7.96815385e+06, 5.68250913e+06, 8.58750890e+06],
       [2.23585335e-01, 1.77409183e+01, 1.62499537e-01, ...,
        8.29076651e+06, 5.97262205e+06, 9.02857907e+06]]),
kwargs:    {}
Exception: "ValueError('Input contains NaN.')"

2024-04-10 11:34:55,417 - distributed.worker - WARNING - Compute Failed
Key:       ('score-f0d05bbcf1cbcdc42b3160481b747092', 4, 8)
Function:  execute_task
args:      ((<function score at 0x14d974049940>, (Pipeline(steps=[('scaler', StandardScaler()),
                ('LASSO', Lasso(alpha=0.003562247890262444))]), 4.516800338999019), (<function cv_extract at 0x14d9740493a0>, <dask_ml.model_selection.methods.CVCache object at 0x14d96d5613a0>, array([[4.29108775e-01, 1.07832404e+01, 1.59597290e-01, ...,
        1.09484185e+07, 7.96831851e+06, 7.75169721e+06],
       [4.94188004e-01, 1.22574533e+01, 2.27465660e-01, ...,
        6.84526644e+06, 4.35633914e+06, 4.73874471e+06],
       [3.92015754e-01, 1.36751351e+01, 1.87189029e-01, ...,
        6.32415309e+06, 4.34541931e+06, 5.88308674e+06],
       ...,
       [2.23821763e-01, 1.80622494e+01, 1.66221375e-01, ...,
        7.65201312e+06, 5.48301783e+06, 8.18296198e+06],
       [2.48191731e-01, 1.72812465e+01, 1.67429051e-01, ...,
        7.96815385e+06, 5.68250913e+06, 8.58750890e+06],
       [2.23585335e-01, 1.77409183e+01, 1.62499537e-01, ...,
        8.29076651e+06, 5.97262205e+06, 9.02857907e+06]]),
kwargs:    {}
Exception: "ValueError('Input contains NaN.')"

2024-04-10 11:34:55,535 - distributed.worker - WARNING - Compute Failed
Key:       ('score-f0d05bbcf1cbcdc42b3160481b747092', 26, 8)
Function:  execute_task
args:      ((<function score at 0x14d974049940>, (Pipeline(steps=[('scaler', StandardScaler()),
                ('LASSO', Lasso(alpha=3.8566204211634725))]), 0.5637510039960034), (<function cv_extract at 0x14d9740493a0>, <dask_ml.model_selection.methods.CVCache object at 0x14d96d5613a0>, array([[4.29108775e-01, 1.07832404e+01, 1.59597290e-01, ...,
        1.09484185e+07, 7.96831851e+06, 7.75169721e+06],
       [4.94188004e-01, 1.22574533e+01, 2.27465660e-01, ...,
        6.84526644e+06, 4.35633914e+06, 4.73874471e+06],
       [3.92015754e-01, 1.36751351e+01, 1.87189029e-01, ...,
        6.32415309e+06, 4.34541931e+06, 5.88308674e+06],
       ...,
       [2.23821763e-01, 1.80622494e+01, 1.66221375e-01, ...,
        7.65201312e+06, 5.48301783e+06, 8.18296198e+06],
       [2.48191731e-01, 1.72812465e+01, 1.67429051e-01, ...,
        7.96815385e+06, 5.68250913e+06, 8.58750890e+06],
       [2.23585335e-01, 1.77409183e+01, 1.62499537e-01, ...,
        8.29076651e+06, 5.97262205e+06, 9.02857907e+06]]), 
kwargs:    {}
Exception: "ValueError('Input contains NaN.')"

2024-04-10 11:34:55,739 - distributed.worker - WARNING - Compute Failed
Key:       ('score-f0d05bbcf1cbcdc42b3160481b747092', 1, 8)
Function:  execute_task
args:      ((<function score at 0x14d974049940>, (Pipeline(steps=[('scaler', StandardScaler()),
                ('LASSO', Lasso(alpha=0.0013738237958832622))]), 5.075711063997005), (<function cv_extract at 0x14d9740493a0>, <dask_ml.model_selection.methods.CVCache object at 0x14d96d5613a0>, array([[4.29108775e-01, 1.07832404e+01, 1.59597290e-01, ...,
        1.09484185e+07, 7.96831851e+06, 7.75169721e+06],
       [4.94188004e-01, 1.22574533e+01, 2.27465660e-01, ...,
        6.84526644e+06, 4.35633914e+06, 4.73874471e+06],
       [3.92015754e-01, 1.36751351e+01, 1.87189029e-01, ...,
        6.32415309e+06, 4.34541931e+06, 5.88308674e+06],
       ...,
       [2.23821763e-01, 1.80622494e+01, 1.66221375e-01, ...,
        7.65201312e+06, 5.48301783e+06, 8.18296198e+06],
       [2.48191731e-01, 1.72812465e+01, 1.67429051e-01, ...,
        7.96815385e+06, 5.68250913e+06, 8.58750890e+06],
       [2.23585335e-01, 1.77409183e+01, 1.62499537e-01, ...,
        8.29076651e+06, 5.97262205e+06, 9.02857907e+06]])
kwargs:    {}
Exception: "ValueError('Input contains NaN.')"

slurmstepd: error: *** JOB 12177034 ON ceres18-compute-9 CANCELLED AT 2024-04-10T11:36:20 ***
