2024-04-10 11:30:19,905 - distributed.nanny - INFO -         Start Nanny at: 'tcp://10.1.9.192:40821'
2024-04-10 11:30:49,652 - distributed.worker - INFO -       Start worker at:     tcp://10.1.9.192:36149
2024-04-10 11:30:49,656 - distributed.worker - INFO -          Listening to:     tcp://10.1.9.192:36149
2024-04-10 11:30:49,662 - distributed.worker - INFO -           Worker name:             SLURMCluster-3
2024-04-10 11:30:49,667 - distributed.worker - INFO -          dashboard at:           10.1.9.192:39131
2024-04-10 11:30:49,672 - distributed.worker - INFO - Waiting to connect to:     tcp://10.1.8.115:34365
2024-04-10 11:30:49,678 - distributed.worker - INFO - -------------------------------------------------
2024-04-10 11:30:49,685 - distributed.worker - INFO -               Threads:                          2
2024-04-10 11:30:49,690 - distributed.worker - INFO -                Memory:                   7.45 GiB
2024-04-10 11:30:49,697 - distributed.worker - INFO -       Local Directory: /local/bgfs/sean.kearney/12177012/dask-scratch-space/worker-woh9eval
2024-04-10 11:30:49,703 - distributed.worker - INFO - -------------------------------------------------
2024-04-10 11:31:03,099 - distributed.worker - INFO - Starting Worker plugin shuffle
2024-04-10 11:31:03,104 - distributed.worker - INFO -         Registered to:     tcp://10.1.8.115:34365
2024-04-10 11:31:03,108 - distributed.worker - INFO - -------------------------------------------------
2024-04-10 11:31:03,113 - distributed.core - INFO - Starting established connection to tcp://10.1.8.115:34365
2024-04-10 11:33:26,049 - distributed.core - INFO - Event loop was unresponsive in Worker for 14.00s.  This is often caused by long-running GIL-holding functions or moving large chunks of data. This can cause timeouts and instability.
2024-04-10 11:33:47,662 - distributed.worker - WARNING - Compute Failed
Key:       ('lasso-fit-ffad90fdbdb184da1904276b7c1809b1', 25, 1)
Function:  execute_task
args:      ((<function fit at 0x14ac392d4040>, Lasso(), array([[ 1.36050157, -1.13320176,  0.44537494, ...,  1.31283828,
         0.98181057, -0.54383668],
       [ 2.0264927 , -0.52169843,  2.57135891, ..., -0.88638023,
        -1.26627256, -1.70161208],
       [ 0.98090853,  0.06635584,  1.30968911, ..., -1.16568797,
        -1.27306902, -1.26188027],
       ...,
       [-0.74031202,  1.88613039,  0.65287512, ..., -0.45397797,
        -0.56503174, -0.37811626],
       [-0.49092089,  1.56217045,  0.6907057 , ..., -0.28453201,
        -0.44086907, -0.22266261],
       [-0.74273152,  1.75284228,  0.53628814, ..., -0.1116172 ,
        -0.26030382, -0.05317431]]), (<function cv_extract at 0x14ac3934bc10>, <dask_ml.model_selection.methods.CVCache object at 0x14ac392e0a00>, array([[4.29108775e-01, 1.07832404e+01, 1.59597290e-01, ...,
        1.09484185e+07, 7.96831851e+06, 7.75169721e+06],
       [4.94188004e-01, 1.22574533e+01, 2.27465660e-01, ...,
        6.84526644e+06, 4.35633914e+06, 4.73874471e+
kwargs:    {}
Exception: "ValueError('Input y contains NaN.')"

2024-04-10 11:33:47,669 - distributed.worker - WARNING - Compute Failed
Key:       ('lasso-fit-ffad90fdbdb184da1904276b7c1809b1', 3, 1)
Function:  execute_task
args:      ((<function fit at 0x14ac392d4040>, Lasso(), array([[ 1.36050157, -1.13320176,  0.44537494, ...,  1.31283828,
         0.98181057, -0.54383668],
       [ 2.0264927 , -0.52169843,  2.57135891, ..., -0.88638023,
        -1.26627256, -1.70161208],
       [ 0.98090853,  0.06635584,  1.30968911, ..., -1.16568797,
        -1.27306902, -1.26188027],
       ...,
       [-0.74031202,  1.88613039,  0.65287512, ..., -0.45397797,
        -0.56503174, -0.37811626],
       [-0.49092089,  1.56217045,  0.6907057 , ..., -0.28453201,
        -0.44086907, -0.22266261],
       [-0.74273152,  1.75284228,  0.53628814, ..., -0.1116172 ,
        -0.26030382, -0.05317431]]), (<function cv_extract at 0x14ac3934bc10>, <dask_ml.model_selection.methods.CVCache object at 0x14ac392e0a00>, array([[4.29108775e-01, 1.07832404e+01, 1.59597290e-01, ...,
        1.09484185e+07, 7.96831851e+06, 7.75169721e+06],
       [4.94188004e-01, 1.22574533e+01, 2.27465660e-01, ...,
        6.84526644e+06, 4.35633914e+06, 4.73874471e+
kwargs:    {}
Exception: "ValueError('Input y contains NaN.')"

2024-04-10 11:34:50,630 - distributed.worker - WARNING - Compute Failed
Key:       ('lasso-fit-f0d05bbcf1cbcdc42b3160481b747092', 4, 5)
Function:  execute_task
args:      ((<function fit at 0x14ac392d4040>, Lasso(), array([[ 1.27499663, -1.20534121,  0.28280323, ...,  1.56613211,
         1.30363373, -0.3440995 ],
       [ 1.94472528, -0.60357778,  2.5004271 , ..., -0.66885818,
        -1.07882234, -1.69067899],
       [ 0.89327331, -0.02488991,  1.1843734 , ..., -0.95270905,
        -1.08602505, -1.17923797],
       ...,
       [-0.8376067 ,  1.76589964,  0.49924763, ..., -0.2294226 ,
        -0.3356668 , -0.15135424],
       [-0.58681598,  1.44709968,  0.53870889, ..., -0.05722049,
        -0.20408265,  0.02944999],
       [-0.84003977,  1.63473453,  0.37763521, ...,  0.1185069 ,
        -0.01272461,  0.22657758]]), (<function cv_extract at 0x14ac3934bc10>, <dask_ml.model_selection.methods.CVCache object at 0x14ac392fdc10>, array([[4.29108775e-01, 1.07832404e+01, 1.59597290e-01, ...,
        1.09484185e+07, 7.96831851e+06, 7.75169721e+06],
       [4.94188004e-01, 1.22574533e+01, 2.27465660e-01, ...,
        6.84526644e+06, 4.35633914e+06, 4.73874471e+
kwargs:    {}
Exception: "ValueError('Input y contains NaN.')"

2024-04-10 11:34:50,638 - distributed.worker - WARNING - Compute Failed
Key:       ('lasso-fit-f0d05bbcf1cbcdc42b3160481b747092', 15, 5)
Function:  execute_task
args:      ((<function fit at 0x14ac392d4040>, Lasso(), array([[ 1.27499663, -1.20534121,  0.28280323, ...,  1.56613211,
         1.30363373, -0.3440995 ],
       [ 1.94472528, -0.60357778,  2.5004271 , ..., -0.66885818,
        -1.07882234, -1.69067899],
       [ 0.89327331, -0.02488991,  1.1843734 , ..., -0.95270905,
        -1.08602505, -1.17923797],
       ...,
       [-0.8376067 ,  1.76589964,  0.49924763, ..., -0.2294226 ,
        -0.3356668 , -0.15135424],
       [-0.58681598,  1.44709968,  0.53870889, ..., -0.05722049,
        -0.20408265,  0.02944999],
       [-0.84003977,  1.63473453,  0.37763521, ...,  0.1185069 ,
        -0.01272461,  0.22657758]]), (<function cv_extract at 0x14ac3934bc10>, <dask_ml.model_selection.methods.CVCache object at 0x14ac392fdc10>, array([[4.29108775e-01, 1.07832404e+01, 1.59597290e-01, ...,
        1.09484185e+07, 7.96831851e+06, 7.75169721e+06],
       [4.94188004e-01, 1.22574533e+01, 2.27465660e-01, ...,
        6.84526644e+06, 4.35633914e+06, 4.73874471e+
kwargs:    {}
Exception: "ValueError('Input y contains NaN.')"

2024-04-10 11:34:50,861 - distributed.worker - WARNING - Compute Failed
Key:       ('lasso-fit-f0d05bbcf1cbcdc42b3160481b747092', 24, 7)
Function:  execute_task
args:      ((<function fit at 0x14ac392d4040>, Lasso(), array([[ 1.27200977, -1.21908916,  0.29753099, ...,  1.54099271,
         1.24575022, -0.3944757 ],
       [ 1.92909033, -0.61346959,  2.49940162, ..., -0.71972513,
        -1.11501132, -1.63609455],
       [ 0.89749545, -0.03107346,  1.19269671, ..., -1.00684349,
        -1.12214844, -1.16451837],
       ...,
       [-0.8006962 ,  1.77119159,  0.51243785, ..., -0.2752311 ,
        -0.37862292, -0.21675419],
       [-0.55464177,  1.45034873,  0.55161878, ..., -0.10104672,
        -0.24823696, -0.05004294],
       [-0.80308333,  1.63918595,  0.39168932, ...,  0.07670351,
        -0.05862142,  0.13171932]]), (<function cv_extract at 0x14ac3934bc10>, <dask_ml.model_selection.methods.CVCache object at 0x14ac392fdc10>, array([[4.29108775e-01, 1.07832404e+01, 1.59597290e-01, ...,
        1.09484185e+07, 7.96831851e+06, 7.75169721e+06],
       [4.94188004e-01, 1.22574533e+01, 2.27465660e-01, ...,
        6.84526644e+06, 4.35633914e+06, 4.73874471e+
kwargs:    {}
Exception: "ValueError('Input y contains NaN.')"

/project/cper_neon_aop/conda_envs/py_ml_env/lib/python3.9/site-packages/sklearn/linear_model/_coordinate_descent.py:678: ConvergenceWarning: Objective did not converge. You might want to increase the number of iterations, check the scale of the features or consider increasing regularisation. Duality gap: 3.512e+04, tolerance: 5.416e+01
  model = cd_fast.enet_coordinate_descent(
2024-04-10 11:35:43,873 - distributed.worker - WARNING - Compute Failed
Key:       ('lasso-fit-f0d05bbcf1cbcdc42b3160481b747092', 0, 0)
Function:  execute_task
args:      ((<function fit at 0x14ac392d4040>, Lasso(), array([[ 0.62538665,  0.88034151,  1.61078899, ..., -1.15105721,
        -1.31617996, -1.20402951],
       [ 0.70437482,  0.39478092,  1.18995664, ..., -0.97338024,
        -1.10238181, -0.95794027],
       [ 0.61066739,  0.33383343,  0.98964677, ..., -0.93813381,
        -1.03716496, -0.85223416],
       ...,
       [-0.71626542,  2.02667338,  0.78111765, ..., -0.41865725,
        -0.55510163, -0.43747711],
       [-0.45513617,  1.6804795 ,  0.82127213, ..., -0.25193782,
        -0.43146421, -0.2767855 ],
       [-0.7187988 ,  1.88423748,  0.65736886, ..., -0.08180536,
        -0.25166281, -0.10158634]]), (<function cv_extract at 0x14ac3934bc10>, <dask_ml.model_selection.methods.CVCache object at 0x14ac458f4700>, array([[4.29108775e-01, 1.07832404e+01, 1.59597290e-01, ...,
        1.09484185e+07, 7.96831851e+06, 7.75169721e+06],
       [4.94188004e-01, 1.22574533e+01, 2.27465660e-01, ...,
        6.84526644e+06, 4.35633914e+06, 4.73874471e+
kwargs:    {}
Exception: "ValueError('Input y contains NaN.')"

slurmstepd: error: *** JOB 12177012 ON ceres20-compute-9 CANCELLED AT 2024-04-10T11:36:19 ***
