2024-04-10 11:30:19,887 - distributed.nanny - INFO -         Start Nanny at: 'tcp://10.1.9.192:41773'
2024-04-10 11:30:49,726 - distributed.worker - INFO -       Start worker at:     tcp://10.1.9.192:37841
2024-04-10 11:30:49,731 - distributed.worker - INFO -          Listening to:     tcp://10.1.9.192:37841
2024-04-10 11:30:49,737 - distributed.worker - INFO -           Worker name:            SLURMCluster-17
2024-04-10 11:30:49,743 - distributed.worker - INFO -          dashboard at:           10.1.9.192:36235
2024-04-10 11:30:49,748 - distributed.worker - INFO - Waiting to connect to:     tcp://10.1.8.115:34365
2024-04-10 11:30:49,753 - distributed.worker - INFO - -------------------------------------------------
2024-04-10 11:30:49,758 - distributed.worker - INFO -               Threads:                          2
2024-04-10 11:30:49,763 - distributed.worker - INFO -                Memory:                   7.45 GiB
2024-04-10 11:30:49,768 - distributed.worker - INFO -       Local Directory: /local/bgfs/sean.kearney/12177019/dask-scratch-space/worker-fsahro6b
2024-04-10 11:30:49,776 - distributed.worker - INFO - -------------------------------------------------
2024-04-10 11:31:03,177 - distributed.worker - INFO - Starting Worker plugin shuffle
2024-04-10 11:31:03,183 - distributed.worker - INFO -         Registered to:     tcp://10.1.8.115:34365
2024-04-10 11:31:03,187 - distributed.worker - INFO - -------------------------------------------------
2024-04-10 11:31:03,192 - distributed.core - INFO - Starting established connection to tcp://10.1.8.115:34365
2024-04-10 11:33:26,001 - distributed.core - INFO - Event loop was unresponsive in Worker for 13.95s.  This is often caused by long-running GIL-holding functions or moving large chunks of data. This can cause timeouts and instability.
2024-04-10 11:33:47,660 - distributed.worker - WARNING - Compute Failed
Key:       ('lasso-fit-ffad90fdbdb184da1904276b7c1809b1', 12, 1)
Function:  execute_task
args:      ((<function fit at 0x148a2d4bcee0>, Lasso(), array([[ 1.36050157, -1.13320176,  0.44537494, ...,  1.31283828,
         0.98181057, -0.54383668],
       [ 2.0264927 , -0.52169843,  2.57135891, ..., -0.88638023,
        -1.26627256, -1.70161208],
       [ 0.98090853,  0.06635584,  1.30968911, ..., -1.16568797,
        -1.27306902, -1.26188027],
       ...,
       [-0.74031202,  1.88613039,  0.65287512, ..., -0.45397797,
        -0.56503174, -0.37811626],
       [-0.49092089,  1.56217045,  0.6907057 , ..., -0.28453201,
        -0.44086907, -0.22266261],
       [-0.74273152,  1.75284228,  0.53628814, ..., -0.1116172 ,
        -0.26030382, -0.05317431]]), (<function cv_extract at 0x148a2d4bcaf0>, <dask_ml.model_selection.methods.CVCache object at 0x148a2d4d05b0>, array([[4.29108775e-01, 1.07832404e+01, 1.59597290e-01, ...,
        1.09484185e+07, 7.96831851e+06, 7.75169721e+06],
       [4.94188004e-01, 1.22574533e+01, 2.27465660e-01, ...,
        6.84526644e+06, 4.35633914e+06, 4.73874471e+
kwargs:    {}
Exception: "ValueError('Input y contains NaN.')"

2024-04-10 11:33:47,668 - distributed.worker - WARNING - Compute Failed
Key:       ('lasso-fit-ffad90fdbdb184da1904276b7c1809b1', 10, 3)
Function:  execute_task
args:      ((<function fit at 0x148a2d4bcee0>, Lasso(), array([[ 1.37228388, -1.15684771,  0.40289117, ...,  1.31835935,
         0.98988828, -0.5057341 ],
       [ 2.04459575, -0.55374162,  2.50158603, ..., -0.83095765,
        -1.19392924, -1.64399679],
       [ 0.98908822,  0.02623741,  1.25611101, ..., -1.10392774,
        -1.20053142, -1.21167606],
       ...,
       [-0.74846797,  1.82102257,  0.60772787, ..., -0.40836684,
        -0.51273469, -0.34280667],
       [-0.49670993,  1.5015113 ,  0.64507286, ..., -0.2427657 ,
        -0.39212144, -0.18997298],
       [-0.75091043,  1.6895648 ,  0.49263741, ..., -0.07377443,
        -0.21671798, -0.02334117]]), (<function cv_extract at 0x148a2d4bcaf0>, <dask_ml.model_selection.methods.CVCache object at 0x148a2d4d05b0>, array([[4.29108775e-01, 1.07832404e+01, 1.59597290e-01, ...,
        1.09484185e+07, 7.96831851e+06, 7.75169721e+06],
       [4.94188004e-01, 1.22574533e+01, 2.27465660e-01, ...,
        6.84526644e+06, 4.35633914e+06, 4.73874471e+
kwargs:    {}
Exception: "ValueError('Input y contains NaN.')"

2024-04-10 11:34:50,931 - distributed.worker - WARNING - Compute Failed
Key:       ('lasso-fit-f0d05bbcf1cbcdc42b3160481b747092', 3, 5)
Function:  execute_task
args:      ((<function fit at 0x148a2d4bcee0>, Lasso(), array([[ 1.27499663, -1.20534121,  0.28280323, ...,  1.56613211,
         1.30363373, -0.3440995 ],
       [ 1.94472528, -0.60357778,  2.5004271 , ..., -0.66885818,
        -1.07882234, -1.69067899],
       [ 0.89327331, -0.02488991,  1.1843734 , ..., -0.95270905,
        -1.08602505, -1.17923797],
       ...,
       [-0.8376067 ,  1.76589964,  0.49924763, ..., -0.2294226 ,
        -0.3356668 , -0.15135424],
       [-0.58681598,  1.44709968,  0.53870889, ..., -0.05722049,
        -0.20408265,  0.02944999],
       [-0.84003977,  1.63473453,  0.37763521, ...,  0.1185069 ,
        -0.01272461,  0.22657758]]), (<function cv_extract at 0x148a2d4bcaf0>, <dask_ml.model_selection.methods.CVCache object at 0x148a2d3cb1f0>, array([[4.29108775e-01, 1.07832404e+01, 1.59597290e-01, ...,
        1.09484185e+07, 7.96831851e+06, 7.75169721e+06],
       [4.94188004e-01, 1.22574533e+01, 2.27465660e-01, ...,
        6.84526644e+06, 4.35633914e+06, 4.73874471e+
kwargs:    {}
Exception: "ValueError('Input y contains NaN.')"

2024-04-10 11:34:50,957 - distributed.worker - WARNING - Compute Failed
Key:       ('lasso-fit-f0d05bbcf1cbcdc42b3160481b747092', 14, 5)
Function:  execute_task
args:      ((<function fit at 0x148a2d4bcee0>, Lasso(), array([[ 1.27499663, -1.20534121,  0.28280323, ...,  1.56613211,
         1.30363373, -0.3440995 ],
       [ 1.94472528, -0.60357778,  2.5004271 , ..., -0.66885818,
        -1.07882234, -1.69067899],
       [ 0.89327331, -0.02488991,  1.1843734 , ..., -0.95270905,
        -1.08602505, -1.17923797],
       ...,
       [-0.8376067 ,  1.76589964,  0.49924763, ..., -0.2294226 ,
        -0.3356668 , -0.15135424],
       [-0.58681598,  1.44709968,  0.53870889, ..., -0.05722049,
        -0.20408265,  0.02944999],
       [-0.84003977,  1.63473453,  0.37763521, ...,  0.1185069 ,
        -0.01272461,  0.22657758]]), (<function cv_extract at 0x148a2d4bcaf0>, <dask_ml.model_selection.methods.CVCache object at 0x148a2d3cb1f0>, array([[4.29108775e-01, 1.07832404e+01, 1.59597290e-01, ...,
        1.09484185e+07, 7.96831851e+06, 7.75169721e+06],
       [4.94188004e-01, 1.22574533e+01, 2.27465660e-01, ...,
        6.84526644e+06, 4.35633914e+06, 4.73874471e+
kwargs:    {}
Exception: "ValueError('Input y contains NaN.')"

2024-04-10 11:34:50,993 - distributed.worker - WARNING - Compute Failed
Key:       ('lasso-fit-f0d05bbcf1cbcdc42b3160481b747092', 25, 2)
Function:  execute_task
args:      ((<function fit at 0x148a2d4bcee0>, Lasso(), array([[ 1.38458002, -1.18313493,  0.41405755, ...,  1.3137576 ,
         0.98791339, -0.52520919],
       [ 2.0413414 , -0.58438227,  2.49581173, ..., -0.82748182,
        -1.19609704, -1.66370958],
       [ 1.01024763, -0.00858973,  1.2603902 , ..., -1.09942603,
        -1.2026998 , -1.23129857],
       ...,
       [-0.68711911,  1.77324004,  0.61724081, ..., -0.40647919,
        -0.51484232, -0.36224773],
       [-0.4411842 ,  1.45603512,  0.65428435, ..., -0.24150042,
        -0.39421841, -0.20938212],
       [-0.68950508,  1.64273118,  0.50307936, ..., -0.07314425,
        -0.21879945, -0.04271552]]), (<function cv_extract at 0x148a2d4bcaf0>, <dask_ml.model_selection.methods.CVCache object at 0x148a2d3cb1f0>, array([[4.29108775e-01, 1.07832404e+01, 1.59597290e-01, ...,
        1.09484185e+07, 7.96831851e+06, 7.75169721e+06],
       [4.94188004e-01, 1.22574533e+01, 2.27465660e-01, ...,
        6.84526644e+06, 4.35633914e+06, 4.73874471e+
kwargs:    {}
Exception: "ValueError('Input y contains NaN.')"

2024-04-10 11:34:51,234 - distributed.worker - WARNING - Compute Failed
Key:       ('score-f0d05bbcf1cbcdc42b3160481b747092', 24, 8)
Function:  execute_task
args:      ((<function score at 0x148a2d4c40d0>, (Pipeline(steps=[('scaler', StandardScaler()),
                ('LASSO', Lasso(alpha=2.0433597178569416))]), 0.6328652640004293), (<function cv_extract at 0x148a2d4bcaf0>, <dask_ml.model_selection.methods.CVCache object at 0x148a2d3cb1f0>, array([[4.29108775e-01, 1.07832404e+01, 1.59597290e-01, ...,
        1.09484185e+07, 7.96831851e+06, 7.75169721e+06],
       [4.94188004e-01, 1.22574533e+01, 2.27465660e-01, ...,
        6.84526644e+06, 4.35633914e+06, 4.73874471e+06],
       [3.92015754e-01, 1.36751351e+01, 1.87189029e-01, ...,
        6.32415309e+06, 4.34541931e+06, 5.88308674e+06],
       ...,
       [2.23821763e-01, 1.80622494e+01, 1.66221375e-01, ...,
        7.65201312e+06, 5.48301783e+06, 8.18296198e+06],
       [2.48191731e-01, 1.72812465e+01, 1.67429051e-01, ...,
        7.96815385e+06, 5.68250913e+06, 8.58750890e+06],
       [2.23585335e-01, 1.77409183e+01, 1.62499537e-01, ...,
        8.29076651e+06, 5.97262205e+06, 9.02857907e+06]]), 
kwargs:    {}
Exception: "ValueError('Input contains NaN.')"

slurmstepd: error: *** JOB 12177019 ON ceres20-compute-9 CANCELLED AT 2024-04-10T11:36:19 ***
