2024-04-10 11:30:19,866 - distributed.nanny - INFO -         Start Nanny at: 'tcp://10.1.9.192:39857'
2024-04-10 11:30:51,042 - distributed.worker - INFO -       Start worker at:     tcp://10.1.9.192:36139
2024-04-10 11:30:51,049 - distributed.worker - INFO -          Listening to:     tcp://10.1.9.192:36139
2024-04-10 11:30:51,054 - distributed.worker - INFO -           Worker name:            SLURMCluster-29
2024-04-10 11:30:51,060 - distributed.worker - INFO -          dashboard at:           10.1.9.192:38457
2024-04-10 11:30:51,065 - distributed.worker - INFO - Waiting to connect to:     tcp://10.1.8.115:34365
2024-04-10 11:30:51,071 - distributed.worker - INFO - -------------------------------------------------
2024-04-10 11:30:51,076 - distributed.worker - INFO -               Threads:                          2
2024-04-10 11:30:51,081 - distributed.worker - INFO -                Memory:                   7.45 GiB
2024-04-10 11:30:51,087 - distributed.worker - INFO -       Local Directory: /local/bgfs/sean.kearney/12177022/dask-scratch-space/worker-vno7jxa2
2024-04-10 11:30:51,094 - distributed.worker - INFO - -------------------------------------------------
2024-04-10 11:31:03,981 - distributed.worker - INFO - Starting Worker plugin shuffle
2024-04-10 11:31:03,986 - distributed.worker - INFO -         Registered to:     tcp://10.1.8.115:34365
2024-04-10 11:31:03,990 - distributed.worker - INFO - -------------------------------------------------
2024-04-10 11:31:03,994 - distributed.core - INFO - Starting established connection to tcp://10.1.8.115:34365
2024-04-10 11:33:26,246 - distributed.core - INFO - Event loop was unresponsive in Worker for 14.19s.  This is often caused by long-running GIL-holding functions or moving large chunks of data. This can cause timeouts and instability.
2024-04-10 11:33:47,581 - distributed.worker - WARNING - Compute Failed
Key:       ('lasso-fit-ffad90fdbdb184da1904276b7c1809b1', 9, 4)
Function:  execute_task
args:      ((<function fit at 0x152eb40ad670>, Lasso(), array([[ 1.41396236, -1.20858475,  0.38085947, ...,  1.40572812,
         1.06293146, -0.45277347],
       [ 2.09493674, -0.60348987,  2.46432544, ..., -0.73830429,
        -1.10283997, -1.5863023 ],
       [ 1.02582935, -0.0215983 ,  1.22788804, ..., -1.01060322,
        -1.10938758, -1.15577952],
       ...,
       [-0.73411465,  1.77910533,  0.5842098 , ..., -0.31675252,
        -0.4272745 , -0.29052363],
       [-0.47911279,  1.45854044,  0.6212838 , ..., -0.15155855,
        -0.30765794, -0.13832555],
       [-0.73658858,  1.64721406,  0.46995448, ...,  0.01701722,
        -0.13370394,  0.02761326]]), (<function cv_extract at 0x152eb40ad280>, <dask_ml.model_selection.methods.CVCache object at 0x152eb40affa0>, array([[4.29108775e-01, 1.07832404e+01, 1.59597290e-01, ...,
        1.09484185e+07, 7.96831851e+06, 7.75169721e+06],
       [4.94188004e-01, 1.22574533e+01, 2.27465660e-01, ...,
        6.84526644e+06, 4.35633914e+06, 4.73874471e+
kwargs:    {}
Exception: "ValueError('Input y contains NaN.')"

2024-04-10 11:33:47,589 - distributed.worker - WARNING - Compute Failed
Key:       ('lasso-fit-ffad90fdbdb184da1904276b7c1809b1', 0, 5)
Function:  execute_task
args:      ((<function fit at 0x152eb40ad670>, Lasso(), array([[ 1.27499663, -1.20534121,  0.28280323, ...,  1.56613211,
         1.30363373, -0.3440995 ],
       [ 1.94472528, -0.60357778,  2.5004271 , ..., -0.66885818,
        -1.07882234, -1.69067899],
       [ 0.89327331, -0.02488991,  1.1843734 , ..., -0.95270905,
        -1.08602505, -1.17923797],
       ...,
       [-0.8376067 ,  1.76589964,  0.49924763, ..., -0.2294226 ,
        -0.3356668 , -0.15135424],
       [-0.58681598,  1.44709968,  0.53870889, ..., -0.05722049,
        -0.20408265,  0.02944999],
       [-0.84003977,  1.63473453,  0.37763521, ...,  0.1185069 ,
        -0.01272461,  0.22657758]]), (<function cv_extract at 0x152eb40ad280>, <dask_ml.model_selection.methods.CVCache object at 0x152eb40affa0>, array([[4.29108775e-01, 1.07832404e+01, 1.59597290e-01, ...,
        1.09484185e+07, 7.96831851e+06, 7.75169721e+06],
       [4.94188004e-01, 1.22574533e+01, 2.27465660e-01, ...,
        6.84526644e+06, 4.35633914e+06, 4.73874471e+
kwargs:    {}
Exception: "ValueError('Input y contains NaN.')"

2024-04-10 11:34:50,563 - distributed.worker - WARNING - Compute Failed
Key:       ('lasso-fit-f0d05bbcf1cbcdc42b3160481b747092', 20, 5)
Function:  execute_task
args:      ((<function fit at 0x152eb40ad670>, Lasso(), array([[ 1.27499663, -1.20534121,  0.28280323, ...,  1.56613211,
         1.30363373, -0.3440995 ],
       [ 1.94472528, -0.60357778,  2.5004271 , ..., -0.66885818,
        -1.07882234, -1.69067899],
       [ 0.89327331, -0.02488991,  1.1843734 , ..., -0.95270905,
        -1.08602505, -1.17923797],
       ...,
       [-0.8376067 ,  1.76589964,  0.49924763, ..., -0.2294226 ,
        -0.3356668 , -0.15135424],
       [-0.58681598,  1.44709968,  0.53870889, ..., -0.05722049,
        -0.20408265,  0.02944999],
       [-0.84003977,  1.63473453,  0.37763521, ...,  0.1185069 ,
        -0.01272461,  0.22657758]]), (<function cv_extract at 0x152eb40ad280>, <dask_ml.model_selection.methods.CVCache object at 0x152e9f42e1c0>, array([[4.29108775e-01, 1.07832404e+01, 1.59597290e-01, ...,
        1.09484185e+07, 7.96831851e+06, 7.75169721e+06],
       [4.94188004e-01, 1.22574533e+01, 2.27465660e-01, ...,
        6.84526644e+06, 4.35633914e+06, 4.73874471e+
kwargs:    {}
Exception: "ValueError('Input y contains NaN.')"

2024-04-10 11:34:50,617 - distributed.worker - WARNING - Compute Failed
Key:       ('lasso-fit-f0d05bbcf1cbcdc42b3160481b747092', 1, 5)
Function:  execute_task
args:      ((<function fit at 0x152eb40ad670>, Lasso(), array([[ 1.27499663, -1.20534121,  0.28280323, ...,  1.56613211,
         1.30363373, -0.3440995 ],
       [ 1.94472528, -0.60357778,  2.5004271 , ..., -0.66885818,
        -1.07882234, -1.69067899],
       [ 0.89327331, -0.02488991,  1.1843734 , ..., -0.95270905,
        -1.08602505, -1.17923797],
       ...,
       [-0.8376067 ,  1.76589964,  0.49924763, ..., -0.2294226 ,
        -0.3356668 , -0.15135424],
       [-0.58681598,  1.44709968,  0.53870889, ..., -0.05722049,
        -0.20408265,  0.02944999],
       [-0.84003977,  1.63473453,  0.37763521, ...,  0.1185069 ,
        -0.01272461,  0.22657758]]), (<function cv_extract at 0x152eb40ad280>, <dask_ml.model_selection.methods.CVCache object at 0x152e9f42e1c0>, array([[4.29108775e-01, 1.07832404e+01, 1.59597290e-01, ...,
        1.09484185e+07, 7.96831851e+06, 7.75169721e+06],
       [4.94188004e-01, 1.22574533e+01, 2.27465660e-01, ...,
        6.84526644e+06, 4.35633914e+06, 4.73874471e+
kwargs:    {}
Exception: "ValueError('Input y contains NaN.')"

2024-04-10 11:34:50,802 - distributed.worker - WARNING - Compute Failed
Key:       ('lasso-fit-f0d05bbcf1cbcdc42b3160481b747092', 5, 7)
Function:  execute_task
args:      ((<function fit at 0x152eb40ad670>, Lasso(), array([[ 1.27200977, -1.21908916,  0.29753099, ...,  1.54099271,
         1.24575022, -0.3944757 ],
       [ 1.92909033, -0.61346959,  2.49940162, ..., -0.71972513,
        -1.11501132, -1.63609455],
       [ 0.89749545, -0.03107346,  1.19269671, ..., -1.00684349,
        -1.12214844, -1.16451837],
       ...,
       [-0.8006962 ,  1.77119159,  0.51243785, ..., -0.2752311 ,
        -0.37862292, -0.21675419],
       [-0.55464177,  1.45034873,  0.55161878, ..., -0.10104672,
        -0.24823696, -0.05004294],
       [-0.80308333,  1.63918595,  0.39168932, ...,  0.07670351,
        -0.05862142,  0.13171932]]), (<function cv_extract at 0x152eb40ad280>, <dask_ml.model_selection.methods.CVCache object at 0x152e9f42e1c0>, array([[4.29108775e-01, 1.07832404e+01, 1.59597290e-01, ...,
        1.09484185e+07, 7.96831851e+06, 7.75169721e+06],
       [4.94188004e-01, 1.22574533e+01, 2.27465660e-01, ...,
        6.84526644e+06, 4.35633914e+06, 4.73874471e+
kwargs:    {}
Exception: "ValueError('Input y contains NaN.')"

2024-04-10 11:34:50,882 - distributed.worker - WARNING - Compute Failed
Key:       ('lasso-fit-f0d05bbcf1cbcdc42b3160481b747092', 2, 3)
Function:  execute_task
args:      ((<function fit at 0x152eb40ad670>, Lasso(), array([[ 1.37228388, -1.15684771,  0.40289117, ...,  1.31835935,
         0.98988828, -0.5057341 ],
       [ 2.04459575, -0.55374162,  2.50158603, ..., -0.83095765,
        -1.19392924, -1.64399679],
       [ 0.98908822,  0.02623741,  1.25611101, ..., -1.10392774,
        -1.20053142, -1.21167606],
       ...,
       [-0.74846797,  1.82102257,  0.60772787, ..., -0.40836684,
        -0.51273469, -0.34280667],
       [-0.49670993,  1.5015113 ,  0.64507286, ..., -0.2427657 ,
        -0.39212144, -0.18997298],
       [-0.75091043,  1.6895648 ,  0.49263741, ..., -0.07377443,
        -0.21671798, -0.02334117]]), (<function cv_extract at 0x152eb40ad280>, <dask_ml.model_selection.methods.CVCache object at 0x152e9f42e1c0>, array([[4.29108775e-01, 1.07832404e+01, 1.59597290e-01, ...,
        1.09484185e+07, 7.96831851e+06, 7.75169721e+06],
       [4.94188004e-01, 1.22574533e+01, 2.27465660e-01, ...,
        6.84526644e+06, 4.35633914e+06, 4.73874471e+
kwargs:    {}
Exception: "ValueError('Input y contains NaN.')"

2024-04-10 11:34:50,944 - distributed.worker - WARNING - Compute Failed
Key:       ('lasso-fit-f0d05bbcf1cbcdc42b3160481b747092', 11, 2)
Function:  execute_task
args:      ((<function fit at 0x152eb40ad670>, Lasso(), array([[ 1.38458002, -1.18313493,  0.41405755, ...,  1.3137576 ,
         0.98791339, -0.52520919],
       [ 2.0413414 , -0.58438227,  2.49581173, ..., -0.82748182,
        -1.19609704, -1.66370958],
       [ 1.01024763, -0.00858973,  1.2603902 , ..., -1.09942603,
        -1.2026998 , -1.23129857],
       ...,
       [-0.68711911,  1.77324004,  0.61724081, ..., -0.40647919,
        -0.51484232, -0.36224773],
       [-0.4411842 ,  1.45603512,  0.65428435, ..., -0.24150042,
        -0.39421841, -0.20938212],
       [-0.68950508,  1.64273118,  0.50307936, ..., -0.07314425,
        -0.21879945, -0.04271552]]), (<function cv_extract at 0x152eb40ad280>, <dask_ml.model_selection.methods.CVCache object at 0x152e9f42e1c0>, array([[4.29108775e-01, 1.07832404e+01, 1.59597290e-01, ...,
        1.09484185e+07, 7.96831851e+06, 7.75169721e+06],
       [4.94188004e-01, 1.22574533e+01, 2.27465660e-01, ...,
        6.84526644e+06, 4.35633914e+06, 4.73874471e+
kwargs:    {}
Exception: "ValueError('Input y contains NaN.')"

2024-04-10 11:34:50,996 - distributed.worker - WARNING - Compute Failed
Key:       ('lasso-fit-f0d05bbcf1cbcdc42b3160481b747092', 8, 3)
Function:  execute_task
args:      ((<function fit at 0x152eb40ad670>, Lasso(), array([[ 1.37228388, -1.15684771,  0.40289117, ...,  1.31835935,
         0.98988828, -0.5057341 ],
       [ 2.04459575, -0.55374162,  2.50158603, ..., -0.83095765,
        -1.19392924, -1.64399679],
       [ 0.98908822,  0.02623741,  1.25611101, ..., -1.10392774,
        -1.20053142, -1.21167606],
       ...,
       [-0.74846797,  1.82102257,  0.60772787, ..., -0.40836684,
        -0.51273469, -0.34280667],
       [-0.49670993,  1.5015113 ,  0.64507286, ..., -0.2427657 ,
        -0.39212144, -0.18997298],
       [-0.75091043,  1.6895648 ,  0.49263741, ..., -0.07377443,
        -0.21671798, -0.02334117]]), (<function cv_extract at 0x152eb40ad280>, <dask_ml.model_selection.methods.CVCache object at 0x152e9f42e1c0>, array([[4.29108775e-01, 1.07832404e+01, 1.59597290e-01, ...,
        1.09484185e+07, 7.96831851e+06, 7.75169721e+06],
       [4.94188004e-01, 1.22574533e+01, 2.27465660e-01, ...,
        6.84526644e+06, 4.35633914e+06, 4.73874471e+
kwargs:    {}
Exception: "ValueError('Input y contains NaN.')"

slurmstepd: error: *** JOB 12177022 ON ceres20-compute-9 CANCELLED AT 2024-04-10T11:36:19 ***
