2024-04-10 11:30:19,809 - distributed.nanny - INFO -         Start Nanny at: 'tcp://10.1.8.119:45823'
2024-04-10 11:30:49,389 - distributed.worker - INFO -       Start worker at:     tcp://10.1.8.119:32965
2024-04-10 11:30:49,392 - distributed.worker - INFO -          Listening to:     tcp://10.1.8.119:32965
2024-04-10 11:30:49,397 - distributed.worker - INFO -           Worker name:             SLURMCluster-5
2024-04-10 11:30:49,404 - distributed.worker - INFO -          dashboard at:           10.1.8.119:46373
2024-04-10 11:30:49,410 - distributed.worker - INFO - Waiting to connect to:     tcp://10.1.8.115:34365
2024-04-10 11:30:49,415 - distributed.worker - INFO - -------------------------------------------------
2024-04-10 11:30:49,419 - distributed.worker - INFO -               Threads:                          2
2024-04-10 11:30:49,424 - distributed.worker - INFO -                Memory:                   7.45 GiB
2024-04-10 11:30:49,434 - distributed.worker - INFO -       Local Directory: /local/bgfs/sean.kearney/12177027/dask-scratch-space/worker-n0u_wypo
2024-04-10 11:30:49,438 - distributed.worker - INFO - -------------------------------------------------
2024-04-10 11:31:03,221 - distributed.worker - INFO - Starting Worker plugin shuffle
2024-04-10 11:31:03,228 - distributed.worker - INFO -         Registered to:     tcp://10.1.8.115:34365
2024-04-10 11:31:03,233 - distributed.worker - INFO - -------------------------------------------------
2024-04-10 11:31:03,236 - distributed.core - INFO - Starting established connection to tcp://10.1.8.115:34365
2024-04-10 11:33:26,385 - distributed.core - INFO - Event loop was unresponsive in Worker for 14.33s.  This is often caused by long-running GIL-holding functions or moving large chunks of data. This can cause timeouts and instability.
2024-04-10 11:33:48,358 - distributed.worker - WARNING - Compute Failed
Key:       ('lasso-fit-ffad90fdbdb184da1904276b7c1809b1', 5, 4)
Function:  execute_task
args:      ((<function fit at 0x14ee8a6cd3a0>, Lasso(), array([[ 1.41396236, -1.20858475,  0.38085947, ...,  1.40572812,
         1.06293146, -0.45277347],
       [ 2.09493674, -0.60348987,  2.46432544, ..., -0.73830429,
        -1.10283997, -1.5863023 ],
       [ 1.02582935, -0.0215983 ,  1.22788804, ..., -1.01060322,
        -1.10938758, -1.15577952],
       ...,
       [-0.73411465,  1.77910533,  0.5842098 , ..., -0.31675252,
        -0.4272745 , -0.29052363],
       [-0.47911279,  1.45854044,  0.6212838 , ..., -0.15155855,
        -0.30765794, -0.13832555],
       [-0.73658858,  1.64721406,  0.46995448, ...,  0.01701722,
        -0.13370394,  0.02761326]]), (<function cv_extract at 0x14ee8a6c6f70>, <dask_ml.model_selection.methods.CVCache object at 0x14ee8a6e0670>, array([[4.29108775e-01, 1.07832404e+01, 1.59597290e-01, ...,
        1.09484185e+07, 7.96831851e+06, 7.75169721e+06],
       [4.94188004e-01, 1.22574533e+01, 2.27465660e-01, ...,
        6.84526644e+06, 4.35633914e+06, 4.73874471e+
kwargs:    {}
Exception: "ValueError('Input y contains NaN.')"

2024-04-10 11:33:48,364 - distributed.worker - WARNING - Compute Failed
Key:       ('lasso-fit-ffad90fdbdb184da1904276b7c1809b1', 2, 1)
Function:  execute_task
args:      ((<function fit at 0x14ee8a6cd3a0>, Lasso(), array([[ 1.36050157, -1.13320176,  0.44537494, ...,  1.31283828,
         0.98181057, -0.54383668],
       [ 2.0264927 , -0.52169843,  2.57135891, ..., -0.88638023,
        -1.26627256, -1.70161208],
       [ 0.98090853,  0.06635584,  1.30968911, ..., -1.16568797,
        -1.27306902, -1.26188027],
       ...,
       [-0.74031202,  1.88613039,  0.65287512, ..., -0.45397797,
        -0.56503174, -0.37811626],
       [-0.49092089,  1.56217045,  0.6907057 , ..., -0.28453201,
        -0.44086907, -0.22266261],
       [-0.74273152,  1.75284228,  0.53628814, ..., -0.1116172 ,
        -0.26030382, -0.05317431]]), (<function cv_extract at 0x14ee8a6c6f70>, <dask_ml.model_selection.methods.CVCache object at 0x14ee8a6e0670>, array([[4.29108775e-01, 1.07832404e+01, 1.59597290e-01, ...,
        1.09484185e+07, 7.96831851e+06, 7.75169721e+06],
       [4.94188004e-01, 1.22574533e+01, 2.27465660e-01, ...,
        6.84526644e+06, 4.35633914e+06, 4.73874471e+
kwargs:    {}
Exception: "ValueError('Input y contains NaN.')"

2024-04-10 11:34:50,753 - distributed.worker - WARNING - Compute Failed
Key:       ('lasso-fit-f0d05bbcf1cbcdc42b3160481b747092', 15, 6)
Function:  execute_task
args:      ((<function fit at 0x14ee8a6cd3a0>, Lasso(), array([[ 1.35966269, -1.26619768,  0.39919204, ...,  1.43803811,
         1.10445687, -0.45372782],
       [ 2.02057951, -0.60344374,  2.48172888, ..., -0.68978599,
        -1.0730529 , -1.58631654],
       [ 0.98296183,  0.03389586,  1.24584287, ..., -0.96002642,
        -1.07963601, -1.15615082],
       ...,
       [-0.72514445,  2.00618725,  0.60245169, ..., -0.27142103,
        -0.39382592, -0.29161254],
       [-0.47765347,  1.65507597,  0.63950916, ..., -0.10747589,
        -0.27356104, -0.13954069],
       [-0.72754551,  1.86172816,  0.48824732, ...,  0.0598255 ,
        -0.09866422,  0.0262605 ]]), (<function cv_extract at 0x14ee8a6c6f70>, <dask_ml.model_selection.methods.CVCache object at 0x14ee8a6f05b0>, array([[4.29108775e-01, 1.07832404e+01, 1.59597290e-01, ...,
        1.09484185e+07, 7.96831851e+06, 7.75169721e+06],
       [4.94188004e-01, 1.22574533e+01, 2.27465660e-01, ...,
        6.84526644e+06, 4.35633914e+06, 4.73874471e+
kwargs:    {}
Exception: "ValueError('Input y contains NaN.')"

2024-04-10 11:34:50,760 - distributed.worker - WARNING - Compute Failed
Key:       ('lasso-fit-f0d05bbcf1cbcdc42b3160481b747092', 8, 6)
Function:  execute_task
args:      ((<function fit at 0x14ee8a6cd3a0>, Lasso(), array([[ 1.35966269, -1.26619768,  0.39919204, ...,  1.43803811,
         1.10445687, -0.45372782],
       [ 2.02057951, -0.60344374,  2.48172888, ..., -0.68978599,
        -1.0730529 , -1.58631654],
       [ 0.98296183,  0.03389586,  1.24584287, ..., -0.96002642,
        -1.07963601, -1.15615082],
       ...,
       [-0.72514445,  2.00618725,  0.60245169, ..., -0.27142103,
        -0.39382592, -0.29161254],
       [-0.47765347,  1.65507597,  0.63950916, ..., -0.10747589,
        -0.27356104, -0.13954069],
       [-0.72754551,  1.86172816,  0.48824732, ...,  0.0598255 ,
        -0.09866422,  0.0262605 ]]), (<function cv_extract at 0x14ee8a6c6f70>, <dask_ml.model_selection.methods.CVCache object at 0x14ee8a6f05b0>, array([[4.29108775e-01, 1.07832404e+01, 1.59597290e-01, ...,
        1.09484185e+07, 7.96831851e+06, 7.75169721e+06],
       [4.94188004e-01, 1.22574533e+01, 2.27465660e-01, ...,
        6.84526644e+06, 4.35633914e+06, 4.73874471e+
kwargs:    {}
Exception: "ValueError('Input y contains NaN.')"

2024-04-10 11:34:50,864 - distributed.worker - WARNING - Compute Failed
Key:       ('lasso-fit-f0d05bbcf1cbcdc42b3160481b747092', 13, 2)
Function:  execute_task
args:      ((<function fit at 0x14ee8a6cd3a0>, Lasso(), array([[ 1.38458002, -1.18313493,  0.41405755, ...,  1.3137576 ,
         0.98791339, -0.52520919],
       [ 2.0413414 , -0.58438227,  2.49581173, ..., -0.82748182,
        -1.19609704, -1.66370958],
       [ 1.01024763, -0.00858973,  1.2603902 , ..., -1.09942603,
        -1.2026998 , -1.23129857],
       ...,
       [-0.68711911,  1.77324004,  0.61724081, ..., -0.40647919,
        -0.51484232, -0.36224773],
       [-0.4411842 ,  1.45603512,  0.65428435, ..., -0.24150042,
        -0.39421841, -0.20938212],
       [-0.68950508,  1.64273118,  0.50307936, ..., -0.07314425,
        -0.21879945, -0.04271552]]), (<function cv_extract at 0x14ee8a6c6f70>, <dask_ml.model_selection.methods.CVCache object at 0x14ee8a6f05b0>, array([[4.29108775e-01, 1.07832404e+01, 1.59597290e-01, ...,
        1.09484185e+07, 7.96831851e+06, 7.75169721e+06],
       [4.94188004e-01, 1.22574533e+01, 2.27465660e-01, ...,
        6.84526644e+06, 4.35633914e+06, 4.73874471e+
kwargs:    {}
Exception: "ValueError('Input y contains NaN.')"

2024-04-10 11:34:50,916 - distributed.worker - WARNING - Compute Failed
Key:       ('lasso-fit-f0d05bbcf1cbcdc42b3160481b747092', 24, 0)
Function:  execute_task
args:      ((<function fit at 0x14ee8a6cd3a0>, Lasso(), array([[ 0.62538665,  0.88034151,  1.61078899, ..., -1.15105721,
        -1.31617996, -1.20402951],
       [ 0.70437482,  0.39478092,  1.18995664, ..., -0.97338024,
        -1.10238181, -0.95794027],
       [ 0.61066739,  0.33383343,  0.98964677, ..., -0.93813381,
        -1.03716496, -0.85223416],
       ...,
       [-0.71626542,  2.02667338,  0.78111765, ..., -0.41865725,
        -0.55510163, -0.43747711],
       [-0.45513617,  1.6804795 ,  0.82127213, ..., -0.25193782,
        -0.43146421, -0.2767855 ],
       [-0.7187988 ,  1.88423748,  0.65736886, ..., -0.08180536,
        -0.25166281, -0.10158634]]), (<function cv_extract at 0x14ee8a6c6f70>, <dask_ml.model_selection.methods.CVCache object at 0x14ee8a6f05b0>, array([[4.29108775e-01, 1.07832404e+01, 1.59597290e-01, ...,
        1.09484185e+07, 7.96831851e+06, 7.75169721e+06],
       [4.94188004e-01, 1.22574533e+01, 2.27465660e-01, ...,
        6.84526644e+06, 4.35633914e+06, 4.73874471e+
kwargs:    {}
Exception: "ValueError('Input y contains NaN.')"

2024-04-10 11:34:51,058 - distributed.worker - WARNING - Compute Failed
Key:       ('lasso-fit-f0d05bbcf1cbcdc42b3160481b747092', 15, 2)
Function:  execute_task
args:      ((<function fit at 0x14ee8a6cd3a0>, Lasso(), array([[ 1.38458002, -1.18313493,  0.41405755, ...,  1.3137576 ,
         0.98791339, -0.52520919],
       [ 2.0413414 , -0.58438227,  2.49581173, ..., -0.82748182,
        -1.19609704, -1.66370958],
       [ 1.01024763, -0.00858973,  1.2603902 , ..., -1.09942603,
        -1.2026998 , -1.23129857],
       ...,
       [-0.68711911,  1.77324004,  0.61724081, ..., -0.40647919,
        -0.51484232, -0.36224773],
       [-0.4411842 ,  1.45603512,  0.65428435, ..., -0.24150042,
        -0.39421841, -0.20938212],
       [-0.68950508,  1.64273118,  0.50307936, ..., -0.07314425,
        -0.21879945, -0.04271552]]), (<function cv_extract at 0x14ee8a6c6f70>, <dask_ml.model_selection.methods.CVCache object at 0x14ee8a6f05b0>, array([[4.29108775e-01, 1.07832404e+01, 1.59597290e-01, ...,
        1.09484185e+07, 7.96831851e+06, 7.75169721e+06],
       [4.94188004e-01, 1.22574533e+01, 2.27465660e-01, ...,
        6.84526644e+06, 4.35633914e+06, 4.73874471e+
kwargs:    {}
Exception: "ValueError('Input y contains NaN.')"

2024-04-10 11:34:51,069 - distributed.worker - WARNING - Compute Failed
Key:       ('score-f0d05bbcf1cbcdc42b3160481b747092', 29, 8)
Function:  execute_task
args:      ((<function score at 0x14ee8a6cd550>, (Pipeline(steps=[('scaler', StandardScaler()), ('LASSO', Lasso(alpha=10.0))]), 0.16686796700014384), (<function cv_extract at 0x14ee8a6c6f70>, <dask_ml.model_selection.methods.CVCache object at 0x14ee8a6f05b0>, array([[4.29108775e-01, 1.07832404e+01, 1.59597290e-01, ...,
        1.09484185e+07, 7.96831851e+06, 7.75169721e+06],
       [4.94188004e-01, 1.22574533e+01, 2.27465660e-01, ...,
        6.84526644e+06, 4.35633914e+06, 4.73874471e+06],
       [3.92015754e-01, 1.36751351e+01, 1.87189029e-01, ...,
        6.32415309e+06, 4.34541931e+06, 5.88308674e+06],
       ...,
       [2.23821763e-01, 1.80622494e+01, 1.66221375e-01, ...,
        7.65201312e+06, 5.48301783e+06, 8.18296198e+06],
       [2.48191731e-01, 1.72812465e+01, 1.67429051e-01, ...,
        7.96815385e+06, 5.68250913e+06, 8.58750890e+06],
       [2.23585335e-01, 1.77409183e+01, 1.62499537e-01, ...,
        8.29076651e+06, 5.97262205e+06, 9.02857907e+06]]), 864     23.010737
865     43.
kwargs:    {}
Exception: "ValueError('Input contains NaN.')"

slurmstepd: error: *** JOB 12177027 ON ceres18-compute-9 CANCELLED AT 2024-04-10T11:36:20 ***
