2024-04-10 11:30:19,784 - distributed.nanny - INFO -         Start Nanny at: 'tcp://10.1.8.115:42701'
2024-04-10 11:30:48,590 - distributed.worker - INFO -       Start worker at:     tcp://10.1.8.115:45659
2024-04-10 11:30:48,594 - distributed.worker - INFO -          Listening to:     tcp://10.1.8.115:45659
2024-04-10 11:30:48,599 - distributed.worker - INFO -           Worker name:            SLURMCluster-26
2024-04-10 11:30:48,606 - distributed.worker - INFO -          dashboard at:           10.1.8.115:34599
2024-04-10 11:30:48,611 - distributed.worker - INFO - Waiting to connect to:     tcp://10.1.8.115:34365
2024-04-10 11:30:48,615 - distributed.worker - INFO - -------------------------------------------------
2024-04-10 11:30:48,621 - distributed.worker - INFO -               Threads:                          2
2024-04-10 11:30:48,626 - distributed.worker - INFO -                Memory:                   7.45 GiB
2024-04-10 11:30:48,632 - distributed.worker - INFO -       Local Directory: /local/bgfs/sean.kearney/12177006/dask-scratch-space/worker-v1d14p1e
2024-04-10 11:30:48,637 - distributed.worker - INFO - -------------------------------------------------
2024-04-10 11:31:03,029 - distributed.worker - INFO - Starting Worker plugin shuffle
2024-04-10 11:31:03,035 - distributed.worker - INFO -         Registered to:     tcp://10.1.8.115:34365
2024-04-10 11:31:03,038 - distributed.worker - INFO - -------------------------------------------------
2024-04-10 11:31:03,041 - distributed.core - INFO - Starting established connection to tcp://10.1.8.115:34365
2024-04-10 11:33:25,958 - distributed.core - INFO - Event loop was unresponsive in Worker for 13.92s.  This is often caused by long-running GIL-holding functions or moving large chunks of data. This can cause timeouts and instability.
2024-04-10 11:33:41,354 - distributed.worker - WARNING - Compute Failed
Key:       ('lasso-fit-ffad90fdbdb184da1904276b7c1809b1', 21, 1)
Function:  execute_task
args:      ((<function fit at 0x147ea8d64670>, Lasso(), array([[ 1.36050157, -1.13320176,  0.44537494, ...,  1.31283828,
         0.98181057, -0.54383668],
       [ 2.0264927 , -0.52169843,  2.57135891, ..., -0.88638023,
        -1.26627256, -1.70161208],
       [ 0.98090853,  0.06635584,  1.30968911, ..., -1.16568797,
        -1.27306902, -1.26188027],
       ...,
       [-0.74031202,  1.88613039,  0.65287512, ..., -0.45397797,
        -0.56503174, -0.37811626],
       [-0.49092089,  1.56217045,  0.6907057 , ..., -0.28453201,
        -0.44086907, -0.22266261],
       [-0.74273152,  1.75284228,  0.53628814, ..., -0.1116172 ,
        -0.26030382, -0.05317431]]), (<function cv_extract at 0x147ea8d64280>, <dask_ml.model_selection.methods.CVCache object at 0x147ea8d68a00>, array([[4.29108775e-01, 1.07832404e+01, 1.59597290e-01, ...,
        1.09484185e+07, 7.96831851e+06, 7.75169721e+06],
       [4.94188004e-01, 1.22574533e+01, 2.27465660e-01, ...,
        6.84526644e+06, 4.35633914e+06, 4.73874471e+
kwargs:    {}
Exception: "ValueError('Input y contains NaN.')"

2024-04-10 11:33:41,362 - distributed.worker - WARNING - Compute Failed
Key:       ('lasso-fit-ffad90fdbdb184da1904276b7c1809b1', 29, 1)
Function:  execute_task
args:      ((<function fit at 0x147ea8d64670>, Lasso(), array([[ 1.36050157, -1.13320176,  0.44537494, ...,  1.31283828,
         0.98181057, -0.54383668],
       [ 2.0264927 , -0.52169843,  2.57135891, ..., -0.88638023,
        -1.26627256, -1.70161208],
       [ 0.98090853,  0.06635584,  1.30968911, ..., -1.16568797,
        -1.27306902, -1.26188027],
       ...,
       [-0.74031202,  1.88613039,  0.65287512, ..., -0.45397797,
        -0.56503174, -0.37811626],
       [-0.49092089,  1.56217045,  0.6907057 , ..., -0.28453201,
        -0.44086907, -0.22266261],
       [-0.74273152,  1.75284228,  0.53628814, ..., -0.1116172 ,
        -0.26030382, -0.05317431]]), (<function cv_extract at 0x147ea8d64280>, <dask_ml.model_selection.methods.CVCache object at 0x147ea8d68a00>, array([[4.29108775e-01, 1.07832404e+01, 1.59597290e-01, ...,
        1.09484185e+07, 7.96831851e+06, 7.75169721e+06],
       [4.94188004e-01, 1.22574533e+01, 2.27465660e-01, ...,
        6.84526644e+06, 4.35633914e+06, 4.73874471e+
kwargs:    {}
Exception: "ValueError('Input y contains NaN.')"

2024-04-10 11:33:41,416 - distributed.worker - WARNING - Compute Failed
Key:       ('lasso-fit-ffad90fdbdb184da1904276b7c1809b1', 0, 2)
Function:  execute_task
args:      ((<function fit at 0x147ea8d64670>, Lasso(), array([[ 1.38458002, -1.18313493,  0.41405755, ...,  1.3137576 ,
         0.98791339, -0.52520919],
       [ 2.0413414 , -0.58438227,  2.49581173, ..., -0.82748182,
        -1.19609704, -1.66370958],
       [ 1.01024763, -0.00858973,  1.2603902 , ..., -1.09942603,
        -1.2026998 , -1.23129857],
       ...,
       [-0.68711911,  1.77324004,  0.61724081, ..., -0.40647919,
        -0.51484232, -0.36224773],
       [-0.4411842 ,  1.45603512,  0.65428435, ..., -0.24150042,
        -0.39421841, -0.20938212],
       [-0.68950508,  1.64273118,  0.50307936, ..., -0.07314425,
        -0.21879945, -0.04271552]]), (<function cv_extract at 0x147ea8d64280>, <dask_ml.model_selection.methods.CVCache object at 0x147ea8d68a00>, array([[4.29108775e-01, 1.07832404e+01, 1.59597290e-01, ...,
        1.09484185e+07, 7.96831851e+06, 7.75169721e+06],
       [4.94188004e-01, 1.22574533e+01, 2.27465660e-01, ...,
        6.84526644e+06, 4.35633914e+06, 4.73874471e+
kwargs:    {}
Exception: "ValueError('Input y contains NaN.')"

2024-04-10 11:33:41,504 - distributed.worker - WARNING - Compute Failed
Key:       ('lasso-fit-ffad90fdbdb184da1904276b7c1809b1', 26, 1)
Function:  execute_task
args:      ((<function fit at 0x147ea8d64670>, Lasso(), array([[ 1.36050157, -1.13320176,  0.44537494, ...,  1.31283828,
         0.98181057, -0.54383668],
       [ 2.0264927 , -0.52169843,  2.57135891, ..., -0.88638023,
        -1.26627256, -1.70161208],
       [ 0.98090853,  0.06635584,  1.30968911, ..., -1.16568797,
        -1.27306902, -1.26188027],
       ...,
       [-0.74031202,  1.88613039,  0.65287512, ..., -0.45397797,
        -0.56503174, -0.37811626],
       [-0.49092089,  1.56217045,  0.6907057 , ..., -0.28453201,
        -0.44086907, -0.22266261],
       [-0.74273152,  1.75284228,  0.53628814, ..., -0.1116172 ,
        -0.26030382, -0.05317431]]), (<function cv_extract at 0x147ea8d64280>, <dask_ml.model_selection.methods.CVCache object at 0x147ea8d68a00>, array([[4.29108775e-01, 1.07832404e+01, 1.59597290e-01, ...,
        1.09484185e+07, 7.96831851e+06, 7.75169721e+06],
       [4.94188004e-01, 1.22574533e+01, 2.27465660e-01, ...,
        6.84526644e+06, 4.35633914e+06, 4.73874471e+
kwargs:    {}
Exception: "ValueError('Input y contains NaN.')"

2024-04-10 11:33:41,520 - distributed.worker - WARNING - Compute Failed
Key:       ('lasso-fit-ffad90fdbdb184da1904276b7c1809b1', 22, 1)
Function:  execute_task
args:      ((<function fit at 0x147ea8d64670>, Lasso(), array([[ 1.36050157, -1.13320176,  0.44537494, ...,  1.31283828,
         0.98181057, -0.54383668],
       [ 2.0264927 , -0.52169843,  2.57135891, ..., -0.88638023,
        -1.26627256, -1.70161208],
       [ 0.98090853,  0.06635584,  1.30968911, ..., -1.16568797,
        -1.27306902, -1.26188027],
       ...,
       [-0.74031202,  1.88613039,  0.65287512, ..., -0.45397797,
        -0.56503174, -0.37811626],
       [-0.49092089,  1.56217045,  0.6907057 , ..., -0.28453201,
        -0.44086907, -0.22266261],
       [-0.74273152,  1.75284228,  0.53628814, ..., -0.1116172 ,
        -0.26030382, -0.05317431]]), (<function cv_extract at 0x147ea8d64280>, <dask_ml.model_selection.methods.CVCache object at 0x147ea8d68a00>, array([[4.29108775e-01, 1.07832404e+01, 1.59597290e-01, ...,
        1.09484185e+07, 7.96831851e+06, 7.75169721e+06],
       [4.94188004e-01, 1.22574533e+01, 2.27465660e-01, ...,
        6.84526644e+06, 4.35633914e+06, 4.73874471e+
kwargs:    {}
Exception: "ValueError('Input y contains NaN.')"

2024-04-10 11:33:41,578 - distributed.worker - WARNING - Compute Failed
Key:       ('lasso-fit-ffad90fdbdb184da1904276b7c1809b1', 17, 1)
Function:  execute_task
args:      ((<function fit at 0x147ea8d64670>, Lasso(), array([[ 1.36050157, -1.13320176,  0.44537494, ...,  1.31283828,
         0.98181057, -0.54383668],
       [ 2.0264927 , -0.52169843,  2.57135891, ..., -0.88638023,
        -1.26627256, -1.70161208],
       [ 0.98090853,  0.06635584,  1.30968911, ..., -1.16568797,
        -1.27306902, -1.26188027],
       ...,
       [-0.74031202,  1.88613039,  0.65287512, ..., -0.45397797,
        -0.56503174, -0.37811626],
       [-0.49092089,  1.56217045,  0.6907057 , ..., -0.28453201,
        -0.44086907, -0.22266261],
       [-0.74273152,  1.75284228,  0.53628814, ..., -0.1116172 ,
        -0.26030382, -0.05317431]]), (<function cv_extract at 0x147ea8d64280>, <dask_ml.model_selection.methods.CVCache object at 0x147ea8d68a00>, array([[4.29108775e-01, 1.07832404e+01, 1.59597290e-01, ...,
        1.09484185e+07, 7.96831851e+06, 7.75169721e+06],
       [4.94188004e-01, 1.22574533e+01, 2.27465660e-01, ...,
        6.84526644e+06, 4.35633914e+06, 4.73874471e+
kwargs:    {}
Exception: "ValueError('Input y contains NaN.')"

2024-04-10 11:33:41,584 - distributed.worker - WARNING - Compute Failed
Key:       ('lasso-fit-ffad90fdbdb184da1904276b7c1809b1', 24, 1)
Function:  execute_task
args:      ((<function fit at 0x147ea8d64670>, Lasso(), array([[ 1.36050157, -1.13320176,  0.44537494, ...,  1.31283828,
         0.98181057, -0.54383668],
       [ 2.0264927 , -0.52169843,  2.57135891, ..., -0.88638023,
        -1.26627256, -1.70161208],
       [ 0.98090853,  0.06635584,  1.30968911, ..., -1.16568797,
        -1.27306902, -1.26188027],
       ...,
       [-0.74031202,  1.88613039,  0.65287512, ..., -0.45397797,
        -0.56503174, -0.37811626],
       [-0.49092089,  1.56217045,  0.6907057 , ..., -0.28453201,
        -0.44086907, -0.22266261],
       [-0.74273152,  1.75284228,  0.53628814, ..., -0.1116172 ,
        -0.26030382, -0.05317431]]), (<function cv_extract at 0x147ea8d64280>, <dask_ml.model_selection.methods.CVCache object at 0x147ea8d68a00>, array([[4.29108775e-01, 1.07832404e+01, 1.59597290e-01, ...,
        1.09484185e+07, 7.96831851e+06, 7.75169721e+06],
       [4.94188004e-01, 1.22574533e+01, 2.27465660e-01, ...,
        6.84526644e+06, 4.35633914e+06, 4.73874471e+
kwargs:    {}
Exception: "ValueError('Input y contains NaN.')"

2024-04-10 11:33:41,645 - distributed.worker - WARNING - Compute Failed
Key:       ('lasso-fit-ffad90fdbdb184da1904276b7c1809b1', 11, 1)
Function:  execute_task
args:      ((<function fit at 0x147ea8d64670>, Lasso(), array([[ 1.36050157, -1.13320176,  0.44537494, ...,  1.31283828,
         0.98181057, -0.54383668],
       [ 2.0264927 , -0.52169843,  2.57135891, ..., -0.88638023,
        -1.26627256, -1.70161208],
       [ 0.98090853,  0.06635584,  1.30968911, ..., -1.16568797,
        -1.27306902, -1.26188027],
       ...,
       [-0.74031202,  1.88613039,  0.65287512, ..., -0.45397797,
        -0.56503174, -0.37811626],
       [-0.49092089,  1.56217045,  0.6907057 , ..., -0.28453201,
        -0.44086907, -0.22266261],
       [-0.74273152,  1.75284228,  0.53628814, ..., -0.1116172 ,
        -0.26030382, -0.05317431]]), (<function cv_extract at 0x147ea8d64280>, <dask_ml.model_selection.methods.CVCache object at 0x147ea8d68a00>, array([[4.29108775e-01, 1.07832404e+01, 1.59597290e-01, ...,
        1.09484185e+07, 7.96831851e+06, 7.75169721e+06],
       [4.94188004e-01, 1.22574533e+01, 2.27465660e-01, ...,
        6.84526644e+06, 4.35633914e+06, 4.73874471e+
kwargs:    {}
Exception: "ValueError('Input y contains NaN.')"

2024-04-10 11:33:41,827 - distributed.worker - WARNING - Compute Failed
Key:       ('lasso-fit-ffad90fdbdb184da1904276b7c1809b1', 7, 0)
Function:  execute_task
args:      ((<function fit at 0x147ea8d64670>, Lasso(), array([[ 0.62538665,  0.88034151,  1.61078899, ..., -1.15105721,
        -1.31617996, -1.20402951],
       [ 0.70437482,  0.39478092,  1.18995664, ..., -0.97338024,
        -1.10238181, -0.95794027],
       [ 0.61066739,  0.33383343,  0.98964677, ..., -0.93813381,
        -1.03716496, -0.85223416],
       ...,
       [-0.71626542,  2.02667338,  0.78111765, ..., -0.41865725,
        -0.55510163, -0.43747711],
       [-0.45513617,  1.6804795 ,  0.82127213, ..., -0.25193782,
        -0.43146421, -0.2767855 ],
       [-0.7187988 ,  1.88423748,  0.65736886, ..., -0.08180536,
        -0.25166281, -0.10158634]]), (<function cv_extract at 0x147ea8d64280>, <dask_ml.model_selection.methods.CVCache object at 0x147ea8d68a00>, array([[4.29108775e-01, 1.07832404e+01, 1.59597290e-01, ...,
        1.09484185e+07, 7.96831851e+06, 7.75169721e+06],
       [4.94188004e-01, 1.22574533e+01, 2.27465660e-01, ...,
        6.84526644e+06, 4.35633914e+06, 4.73874471e+
kwargs:    {}
Exception: "ValueError('Input y contains NaN.')"

2024-04-10 11:33:41,844 - distributed.worker - WARNING - Compute Failed
Key:       ('lasso-fit-ffad90fdbdb184da1904276b7c1809b1', 1, 0)
Function:  execute_task
args:      ((<function fit at 0x147ea8d64670>, Lasso(), array([[ 0.62538665,  0.88034151,  1.61078899, ..., -1.15105721,
        -1.31617996, -1.20402951],
       [ 0.70437482,  0.39478092,  1.18995664, ..., -0.97338024,
        -1.10238181, -0.95794027],
       [ 0.61066739,  0.33383343,  0.98964677, ..., -0.93813381,
        -1.03716496, -0.85223416],
       ...,
       [-0.71626542,  2.02667338,  0.78111765, ..., -0.41865725,
        -0.55510163, -0.43747711],
       [-0.45513617,  1.6804795 ,  0.82127213, ..., -0.25193782,
        -0.43146421, -0.2767855 ],
       [-0.7187988 ,  1.88423748,  0.65736886, ..., -0.08180536,
        -0.25166281, -0.10158634]]), (<function cv_extract at 0x147ea8d64280>, <dask_ml.model_selection.methods.CVCache object at 0x147ea8d68a00>, array([[4.29108775e-01, 1.07832404e+01, 1.59597290e-01, ...,
        1.09484185e+07, 7.96831851e+06, 7.75169721e+06],
       [4.94188004e-01, 1.22574533e+01, 2.27465660e-01, ...,
        6.84526644e+06, 4.35633914e+06, 4.73874471e+
kwargs:    {}
Exception: "ValueError('Input y contains NaN.')"

2024-04-10 11:33:42,030 - distributed.worker - WARNING - Compute Failed
Key:       ('lasso-fit-ffad90fdbdb184da1904276b7c1809b1', 4, 2)
Function:  execute_task
args:      ((<function fit at 0x147ea8d64670>, Lasso(), array([[ 1.38458002, -1.18313493,  0.41405755, ...,  1.3137576 ,
         0.98791339, -0.52520919],
       [ 2.0413414 , -0.58438227,  2.49581173, ..., -0.82748182,
        -1.19609704, -1.66370958],
       [ 1.01024763, -0.00858973,  1.2603902 , ..., -1.09942603,
        -1.2026998 , -1.23129857],
       ...,
       [-0.68711911,  1.77324004,  0.61724081, ..., -0.40647919,
        -0.51484232, -0.36224773],
       [-0.4411842 ,  1.45603512,  0.65428435, ..., -0.24150042,
        -0.39421841, -0.20938212],
       [-0.68950508,  1.64273118,  0.50307936, ..., -0.07314425,
        -0.21879945, -0.04271552]]), (<function cv_extract at 0x147ea8d64280>, <dask_ml.model_selection.methods.CVCache object at 0x147ea8d68a00>, array([[4.29108775e-01, 1.07832404e+01, 1.59597290e-01, ...,
        1.09484185e+07, 7.96831851e+06, 7.75169721e+06],
       [4.94188004e-01, 1.22574533e+01, 2.27465660e-01, ...,
        6.84526644e+06, 4.35633914e+06, 4.73874471e+
kwargs:    {}
Exception: "ValueError('Input y contains NaN.')"

2024-04-10 11:33:42,042 - distributed.worker - WARNING - Compute Failed
Key:       ('lasso-fit-ffad90fdbdb184da1904276b7c1809b1', 21, 2)
Function:  execute_task
args:      ((<function fit at 0x147ea8d64670>, Lasso(), array([[ 1.38458002, -1.18313493,  0.41405755, ...,  1.3137576 ,
         0.98791339, -0.52520919],
       [ 2.0413414 , -0.58438227,  2.49581173, ..., -0.82748182,
        -1.19609704, -1.66370958],
       [ 1.01024763, -0.00858973,  1.2603902 , ..., -1.09942603,
        -1.2026998 , -1.23129857],
       ...,
       [-0.68711911,  1.77324004,  0.61724081, ..., -0.40647919,
        -0.51484232, -0.36224773],
       [-0.4411842 ,  1.45603512,  0.65428435, ..., -0.24150042,
        -0.39421841, -0.20938212],
       [-0.68950508,  1.64273118,  0.50307936, ..., -0.07314425,
        -0.21879945, -0.04271552]]), (<function cv_extract at 0x147ea8d64280>, <dask_ml.model_selection.methods.CVCache object at 0x147ea8d68a00>, array([[4.29108775e-01, 1.07832404e+01, 1.59597290e-01, ...,
        1.09484185e+07, 7.96831851e+06, 7.75169721e+06],
       [4.94188004e-01, 1.22574533e+01, 2.27465660e-01, ...,
        6.84526644e+06, 4.35633914e+06, 4.73874471e+
kwargs:    {}
Exception: "ValueError('Input y contains NaN.')"

/project/cper_neon_aop/conda_envs/py_ml_env/lib/python3.9/site-packages/sklearn/linear_model/_coordinate_descent.py:678: ConvergenceWarning: Objective did not converge. You might want to increase the number of iterations, check the scale of the features or consider increasing regularisation. Duality gap: 4.536e+04, tolerance: 5.416e+01
  model = cd_fast.enet_coordinate_descent(
2024-04-10 11:33:48,221 - distributed.worker - WARNING - Compute Failed
Key:       ('score-ffad90fdbdb184da1904276b7c1809b1', 2, 8)
Function:  execute_task
args:      ((<function score at 0x147ea8d64820>, (Pipeline(steps=[('scaler', StandardScaler()),
                ('LASSO', Lasso(alpha=0.0018873918221350978))]), 6.010591619000479), (<function cv_extract at 0x147ea8d64280>, <dask_ml.model_selection.methods.CVCache object at 0x147ea8d68a00>, array([[4.29108775e-01, 1.07832404e+01, 1.59597290e-01, ...,
        1.09484185e+07, 7.96831851e+06, 7.75169721e+06],
       [4.94188004e-01, 1.22574533e+01, 2.27465660e-01, ...,
        6.84526644e+06, 4.35633914e+06, 4.73874471e+06],
       [3.92015754e-01, 1.36751351e+01, 1.87189029e-01, ...,
        6.32415309e+06, 4.34541931e+06, 5.88308674e+06],
       ...,
       [2.23821763e-01, 1.80622494e+01, 1.66221375e-01, ...,
        7.65201312e+06, 5.48301783e+06, 8.18296198e+06],
       [2.48191731e-01, 1.72812465e+01, 1.67429051e-01, ...,
        7.96815385e+06, 5.68250913e+06, 8.58750890e+06],
       [2.23585335e-01, 1.77409183e+01, 1.62499537e-01, ...,
        8.29076651e+06, 5.97262205e+06, 9.02857907e+06]])
kwargs:    {}
Exception: "ValueError('Input contains NaN.')"

2024-04-10 11:34:50,906 - distributed.worker - WARNING - Compute Failed
Key:       ('lasso-fit-f0d05bbcf1cbcdc42b3160481b747092', 22, 2)
Function:  execute_task
args:      ((<function fit at 0x147ea8d64670>, Lasso(), array([[ 1.38458002, -1.18313493,  0.41405755, ...,  1.3137576 ,
         0.98791339, -0.52520919],
       [ 2.0413414 , -0.58438227,  2.49581173, ..., -0.82748182,
        -1.19609704, -1.66370958],
       [ 1.01024763, -0.00858973,  1.2603902 , ..., -1.09942603,
        -1.2026998 , -1.23129857],
       ...,
       [-0.68711911,  1.77324004,  0.61724081, ..., -0.40647919,
        -0.51484232, -0.36224773],
       [-0.4411842 ,  1.45603512,  0.65428435, ..., -0.24150042,
        -0.39421841, -0.20938212],
       [-0.68950508,  1.64273118,  0.50307936, ..., -0.07314425,
        -0.21879945, -0.04271552]]), (<function cv_extract at 0x147ea8d64280>, <dask_ml.model_selection.methods.CVCache object at 0x147ea8b6aee0>, array([[4.29108775e-01, 1.07832404e+01, 1.59597290e-01, ...,
        1.09484185e+07, 7.96831851e+06, 7.75169721e+06],
       [4.94188004e-01, 1.22574533e+01, 2.27465660e-01, ...,
        6.84526644e+06, 4.35633914e+06, 4.73874471e+
kwargs:    {}
Exception: "ValueError('Input y contains NaN.')"

2024-04-10 11:34:51,001 - distributed.worker - WARNING - Compute Failed
Key:       ('lasso-fit-f0d05bbcf1cbcdc42b3160481b747092', 6, 2)
Function:  execute_task
args:      ((<function fit at 0x147ea8d64670>, Lasso(), array([[ 1.38458002, -1.18313493,  0.41405755, ...,  1.3137576 ,
         0.98791339, -0.52520919],
       [ 2.0413414 , -0.58438227,  2.49581173, ..., -0.82748182,
        -1.19609704, -1.66370958],
       [ 1.01024763, -0.00858973,  1.2603902 , ..., -1.09942603,
        -1.2026998 , -1.23129857],
       ...,
       [-0.68711911,  1.77324004,  0.61724081, ..., -0.40647919,
        -0.51484232, -0.36224773],
       [-0.4411842 ,  1.45603512,  0.65428435, ..., -0.24150042,
        -0.39421841, -0.20938212],
       [-0.68950508,  1.64273118,  0.50307936, ..., -0.07314425,
        -0.21879945, -0.04271552]]), (<function cv_extract at 0x147ea8d64280>, <dask_ml.model_selection.methods.CVCache object at 0x147ea8b6aee0>, array([[4.29108775e-01, 1.07832404e+01, 1.59597290e-01, ...,
        1.09484185e+07, 7.96831851e+06, 7.75169721e+06],
       [4.94188004e-01, 1.22574533e+01, 2.27465660e-01, ...,
        6.84526644e+06, 4.35633914e+06, 4.73874471e+
kwargs:    {}
Exception: "ValueError('Input y contains NaN.')"

/project/cper_neon_aop/conda_envs/py_ml_env/lib/python3.9/site-packages/sklearn/linear_model/_coordinate_descent.py:678: ConvergenceWarning: Objective did not converge. You might want to increase the number of iterations, check the scale of the features or consider increasing regularisation. Duality gap: 1.474e+02, tolerance: 5.416e+01
  model = cd_fast.enet_coordinate_descent(
2024-04-10 11:34:53,848 - distributed.worker - WARNING - Compute Failed
Key:       ('score-f0d05bbcf1cbcdc42b3160481b747092', 11, 8)
Function:  execute_task
args:      ((<function score at 0x147ea8d64820>, (Pipeline(steps=[('scaler', StandardScaler()),
                ('LASSO', Lasso(alpha=0.03290344562312667))]), 2.800230967997777), (<function cv_extract at 0x147ea8d64280>, <dask_ml.model_selection.methods.CVCache object at 0x147ea8b6aee0>, array([[4.29108775e-01, 1.07832404e+01, 1.59597290e-01, ...,
        1.09484185e+07, 7.96831851e+06, 7.75169721e+06],
       [4.94188004e-01, 1.22574533e+01, 2.27465660e-01, ...,
        6.84526644e+06, 4.35633914e+06, 4.73874471e+06],
       [3.92015754e-01, 1.36751351e+01, 1.87189029e-01, ...,
        6.32415309e+06, 4.34541931e+06, 5.88308674e+06],
       ...,
       [2.23821763e-01, 1.80622494e+01, 1.66221375e-01, ...,
        7.65201312e+06, 5.48301783e+06, 8.18296198e+06],
       [2.48191731e-01, 1.72812465e+01, 1.67429051e-01, ...,
        7.96815385e+06, 5.68250913e+06, 8.58750890e+06],
       [2.23585335e-01, 1.77409183e+01, 1.62499537e-01, ...,
        8.29076651e+06, 5.97262205e+06, 9.02857907e+06]]), 
kwargs:    {}
Exception: "ValueError('Input contains NaN.')"

slurmstepd: error: *** JOB 12177006 ON ceres18-compute-5 CANCELLED AT 2024-04-10T11:36:19 ***
