2024-04-10 11:30:19,788 - distributed.nanny - INFO -         Start Nanny at: 'tcp://10.1.8.119:45923'
2024-04-10 11:30:49,195 - distributed.worker - INFO -       Start worker at:     tcp://10.1.8.119:33229
2024-04-10 11:30:49,200 - distributed.worker - INFO -          Listening to:     tcp://10.1.8.119:33229
2024-04-10 11:30:49,204 - distributed.worker - INFO -           Worker name:             SLURMCluster-9
2024-04-10 11:30:49,210 - distributed.worker - INFO -          dashboard at:           10.1.8.119:40567
2024-04-10 11:30:49,214 - distributed.worker - INFO - Waiting to connect to:     tcp://10.1.8.115:34365
2024-04-10 11:30:49,218 - distributed.worker - INFO - -------------------------------------------------
2024-04-10 11:30:49,223 - distributed.worker - INFO -               Threads:                          2
2024-04-10 11:30:49,229 - distributed.worker - INFO -                Memory:                   7.45 GiB
2024-04-10 11:30:49,236 - distributed.worker - INFO -       Local Directory: /local/bgfs/sean.kearney/12177032/dask-scratch-space/worker-_t8mqqd9
2024-04-10 11:30:49,241 - distributed.worker - INFO - -------------------------------------------------
2024-04-10 11:31:03,112 - distributed.worker - INFO - Starting Worker plugin shuffle
2024-04-10 11:31:03,117 - distributed.worker - INFO -         Registered to:     tcp://10.1.8.115:34365
2024-04-10 11:31:03,119 - distributed.worker - INFO - -------------------------------------------------
2024-04-10 11:31:03,127 - distributed.core - INFO - Starting established connection to tcp://10.1.8.115:34365
2024-04-10 11:33:26,564 - distributed.core - INFO - Event loop was unresponsive in Worker for 14.52s.  This is often caused by long-running GIL-holding functions or moving large chunks of data. This can cause timeouts and instability.
2024-04-10 11:33:48,081 - distributed.worker - WARNING - Compute Failed
Key:       ('lasso-fit-ffad90fdbdb184da1904276b7c1809b1', 15, 5)
Function:  execute_task
args:      ((<function fit at 0x14846de5daf0>, Lasso(), array([[ 1.27499663, -1.20534121,  0.28280323, ...,  1.56613211,
         1.30363373, -0.3440995 ],
       [ 1.94472528, -0.60357778,  2.5004271 , ..., -0.66885818,
        -1.07882234, -1.69067899],
       [ 0.89327331, -0.02488991,  1.1843734 , ..., -0.95270905,
        -1.08602505, -1.17923797],
       ...,
       [-0.8376067 ,  1.76589964,  0.49924763, ..., -0.2294226 ,
        -0.3356668 , -0.15135424],
       [-0.58681598,  1.44709968,  0.53870889, ..., -0.05722049,
        -0.20408265,  0.02944999],
       [-0.84003977,  1.63473453,  0.37763521, ...,  0.1185069 ,
        -0.01272461,  0.22657758]]), (<function cv_extract at 0x14846de5d700>, <dask_ml.model_selection.methods.CVCache object at 0x14846de61190>, array([[4.29108775e-01, 1.07832404e+01, 1.59597290e-01, ...,
        1.09484185e+07, 7.96831851e+06, 7.75169721e+06],
       [4.94188004e-01, 1.22574533e+01, 2.27465660e-01, ...,
        6.84526644e+06, 4.35633914e+06, 4.73874471e+
kwargs:    {}
Exception: "ValueError('Input y contains NaN.')"

2024-04-10 11:33:48,087 - distributed.worker - WARNING - Compute Failed
Key:       ('lasso-fit-ffad90fdbdb184da1904276b7c1809b1', 17, 2)
Function:  execute_task
args:      ((<function fit at 0x14846de5daf0>, Lasso(), array([[ 1.38458002, -1.18313493,  0.41405755, ...,  1.3137576 ,
         0.98791339, -0.52520919],
       [ 2.0413414 , -0.58438227,  2.49581173, ..., -0.82748182,
        -1.19609704, -1.66370958],
       [ 1.01024763, -0.00858973,  1.2603902 , ..., -1.09942603,
        -1.2026998 , -1.23129857],
       ...,
       [-0.68711911,  1.77324004,  0.61724081, ..., -0.40647919,
        -0.51484232, -0.36224773],
       [-0.4411842 ,  1.45603512,  0.65428435, ..., -0.24150042,
        -0.39421841, -0.20938212],
       [-0.68950508,  1.64273118,  0.50307936, ..., -0.07314425,
        -0.21879945, -0.04271552]]), (<function cv_extract at 0x14846de5d700>, <dask_ml.model_selection.methods.CVCache object at 0x14846de61190>, array([[4.29108775e-01, 1.07832404e+01, 1.59597290e-01, ...,
        1.09484185e+07, 7.96831851e+06, 7.75169721e+06],
       [4.94188004e-01, 1.22574533e+01, 2.27465660e-01, ...,
        6.84526644e+06, 4.35633914e+06, 4.73874471e+
kwargs:    {}
Exception: "ValueError('Input y contains NaN.')"

2024-04-10 11:34:49,809 - distributed.worker - WARNING - Compute Failed
Key:       ('lasso-fit-f0d05bbcf1cbcdc42b3160481b747092', 9, 7)
Function:  execute_task
args:      ((<function fit at 0x14846de5daf0>, Lasso(), array([[ 1.27200977, -1.21908916,  0.29753099, ...,  1.54099271,
         1.24575022, -0.3944757 ],
       [ 1.92909033, -0.61346959,  2.49940162, ..., -0.71972513,
        -1.11501132, -1.63609455],
       [ 0.89749545, -0.03107346,  1.19269671, ..., -1.00684349,
        -1.12214844, -1.16451837],
       ...,
       [-0.8006962 ,  1.77119159,  0.51243785, ..., -0.2752311 ,
        -0.37862292, -0.21675419],
       [-0.55464177,  1.45034873,  0.55161878, ..., -0.10104672,
        -0.24823696, -0.05004294],
       [-0.80308333,  1.63918595,  0.39168932, ...,  0.07670351,
        -0.05862142,  0.13171932]]), (<function cv_extract at 0x14846de5d700>, <dask_ml.model_selection.methods.CVCache object at 0x14847e0fd100>, array([[4.29108775e-01, 1.07832404e+01, 1.59597290e-01, ...,
        1.09484185e+07, 7.96831851e+06, 7.75169721e+06],
       [4.94188004e-01, 1.22574533e+01, 2.27465660e-01, ...,
        6.84526644e+06, 4.35633914e+06, 4.73874471e+
kwargs:    {}
Exception: "ValueError('Input y contains NaN.')"

2024-04-10 11:34:49,909 - distributed.worker - WARNING - Compute Failed
Key:       ('lasso-fit-f0d05bbcf1cbcdc42b3160481b747092', 9, 6)
Function:  execute_task
args:      ((<function fit at 0x14846de5daf0>, Lasso(), array([[ 1.35966269, -1.26619768,  0.39919204, ...,  1.43803811,
         1.10445687, -0.45372782],
       [ 2.02057951, -0.60344374,  2.48172888, ..., -0.68978599,
        -1.0730529 , -1.58631654],
       [ 0.98296183,  0.03389586,  1.24584287, ..., -0.96002642,
        -1.07963601, -1.15615082],
       ...,
       [-0.72514445,  2.00618725,  0.60245169, ..., -0.27142103,
        -0.39382592, -0.29161254],
       [-0.47765347,  1.65507597,  0.63950916, ..., -0.10747589,
        -0.27356104, -0.13954069],
       [-0.72754551,  1.86172816,  0.48824732, ...,  0.0598255 ,
        -0.09866422,  0.0262605 ]]), (<function cv_extract at 0x14846de5d700>, <dask_ml.model_selection.methods.CVCache object at 0x14847e0fd100>, array([[4.29108775e-01, 1.07832404e+01, 1.59597290e-01, ...,
        1.09484185e+07, 7.96831851e+06, 7.75169721e+06],
       [4.94188004e-01, 1.22574533e+01, 2.27465660e-01, ...,
        6.84526644e+06, 4.35633914e+06, 4.73874471e+
kwargs:    {}
Exception: "ValueError('Input y contains NaN.')"

2024-04-10 11:34:49,920 - distributed.worker - WARNING - Compute Failed
Key:       ('lasso-fit-f0d05bbcf1cbcdc42b3160481b747092', 25, 6)
Function:  execute_task
args:      ((<function fit at 0x14846de5daf0>, Lasso(), array([[ 1.35966269, -1.26619768,  0.39919204, ...,  1.43803811,
         1.10445687, -0.45372782],
       [ 2.02057951, -0.60344374,  2.48172888, ..., -0.68978599,
        -1.0730529 , -1.58631654],
       [ 0.98296183,  0.03389586,  1.24584287, ..., -0.96002642,
        -1.07963601, -1.15615082],
       ...,
       [-0.72514445,  2.00618725,  0.60245169, ..., -0.27142103,
        -0.39382592, -0.29161254],
       [-0.47765347,  1.65507597,  0.63950916, ..., -0.10747589,
        -0.27356104, -0.13954069],
       [-0.72754551,  1.86172816,  0.48824732, ...,  0.0598255 ,
        -0.09866422,  0.0262605 ]]), (<function cv_extract at 0x14846de5d700>, <dask_ml.model_selection.methods.CVCache object at 0x14847e0fd100>, array([[4.29108775e-01, 1.07832404e+01, 1.59597290e-01, ...,
        1.09484185e+07, 7.96831851e+06, 7.75169721e+06],
       [4.94188004e-01, 1.22574533e+01, 2.27465660e-01, ...,
        6.84526644e+06, 4.35633914e+06, 4.73874471e+
kwargs:    {}
Exception: "ValueError('Input y contains NaN.')"

2024-04-10 11:34:49,969 - distributed.worker - WARNING - Compute Failed
Key:       ('lasso-fit-f0d05bbcf1cbcdc42b3160481b747092', 0, 7)
Function:  execute_task
args:      ((<function fit at 0x14846de5daf0>, Lasso(), array([[ 1.27200977, -1.21908916,  0.29753099, ...,  1.54099271,
         1.24575022, -0.3944757 ],
       [ 1.92909033, -0.61346959,  2.49940162, ..., -0.71972513,
        -1.11501132, -1.63609455],
       [ 0.89749545, -0.03107346,  1.19269671, ..., -1.00684349,
        -1.12214844, -1.16451837],
       ...,
       [-0.8006962 ,  1.77119159,  0.51243785, ..., -0.2752311 ,
        -0.37862292, -0.21675419],
       [-0.55464177,  1.45034873,  0.55161878, ..., -0.10104672,
        -0.24823696, -0.05004294],
       [-0.80308333,  1.63918595,  0.39168932, ...,  0.07670351,
        -0.05862142,  0.13171932]]), (<function cv_extract at 0x14846de5d700>, <dask_ml.model_selection.methods.CVCache object at 0x14847e0fd100>, array([[4.29108775e-01, 1.07832404e+01, 1.59597290e-01, ...,
        1.09484185e+07, 7.96831851e+06, 7.75169721e+06],
       [4.94188004e-01, 1.22574533e+01, 2.27465660e-01, ...,
        6.84526644e+06, 4.35633914e+06, 4.73874471e+
kwargs:    {}
Exception: "ValueError('Input y contains NaN.')"

2024-04-10 11:34:49,985 - distributed.worker - WARNING - Compute Failed
Key:       ('lasso-fit-f0d05bbcf1cbcdc42b3160481b747092', 7, 7)
Function:  execute_task
args:      ((<function fit at 0x14846de5daf0>, Lasso(), array([[ 1.27200977, -1.21908916,  0.29753099, ...,  1.54099271,
         1.24575022, -0.3944757 ],
       [ 1.92909033, -0.61346959,  2.49940162, ..., -0.71972513,
        -1.11501132, -1.63609455],
       [ 0.89749545, -0.03107346,  1.19269671, ..., -1.00684349,
        -1.12214844, -1.16451837],
       ...,
       [-0.8006962 ,  1.77119159,  0.51243785, ..., -0.2752311 ,
        -0.37862292, -0.21675419],
       [-0.55464177,  1.45034873,  0.55161878, ..., -0.10104672,
        -0.24823696, -0.05004294],
       [-0.80308333,  1.63918595,  0.39168932, ...,  0.07670351,
        -0.05862142,  0.13171932]]), (<function cv_extract at 0x14846de5d700>, <dask_ml.model_selection.methods.CVCache object at 0x14847e0fd100>, array([[4.29108775e-01, 1.07832404e+01, 1.59597290e-01, ...,
        1.09484185e+07, 7.96831851e+06, 7.75169721e+06],
       [4.94188004e-01, 1.22574533e+01, 2.27465660e-01, ...,
        6.84526644e+06, 4.35633914e+06, 4.73874471e+
kwargs:    {}
Exception: "ValueError('Input y contains NaN.')"

2024-04-10 11:34:50,039 - distributed.worker - WARNING - Compute Failed
Key:       ('lasso-fit-f0d05bbcf1cbcdc42b3160481b747092', 3, 7)
Function:  execute_task
args:      ((<function fit at 0x14846de5daf0>, Lasso(), array([[ 1.27200977, -1.21908916,  0.29753099, ...,  1.54099271,
         1.24575022, -0.3944757 ],
       [ 1.92909033, -0.61346959,  2.49940162, ..., -0.71972513,
        -1.11501132, -1.63609455],
       [ 0.89749545, -0.03107346,  1.19269671, ..., -1.00684349,
        -1.12214844, -1.16451837],
       ...,
       [-0.8006962 ,  1.77119159,  0.51243785, ..., -0.2752311 ,
        -0.37862292, -0.21675419],
       [-0.55464177,  1.45034873,  0.55161878, ..., -0.10104672,
        -0.24823696, -0.05004294],
       [-0.80308333,  1.63918595,  0.39168932, ...,  0.07670351,
        -0.05862142,  0.13171932]]), (<function cv_extract at 0x14846de5d700>, <dask_ml.model_selection.methods.CVCache object at 0x14847e0fd100>, array([[4.29108775e-01, 1.07832404e+01, 1.59597290e-01, ...,
        1.09484185e+07, 7.96831851e+06, 7.75169721e+06],
       [4.94188004e-01, 1.22574533e+01, 2.27465660e-01, ...,
        6.84526644e+06, 4.35633914e+06, 4.73874471e+
kwargs:    {}
Exception: "ValueError('Input y contains NaN.')"

2024-04-10 11:34:50,060 - distributed.worker - WARNING - Compute Failed
Key:       ('lasso-fit-f0d05bbcf1cbcdc42b3160481b747092', 23, 7)
Function:  execute_task
args:      ((<function fit at 0x14846de5daf0>, Lasso(), array([[ 1.27200977, -1.21908916,  0.29753099, ...,  1.54099271,
         1.24575022, -0.3944757 ],
       [ 1.92909033, -0.61346959,  2.49940162, ..., -0.71972513,
        -1.11501132, -1.63609455],
       [ 0.89749545, -0.03107346,  1.19269671, ..., -1.00684349,
        -1.12214844, -1.16451837],
       ...,
       [-0.8006962 ,  1.77119159,  0.51243785, ..., -0.2752311 ,
        -0.37862292, -0.21675419],
       [-0.55464177,  1.45034873,  0.55161878, ..., -0.10104672,
        -0.24823696, -0.05004294],
       [-0.80308333,  1.63918595,  0.39168932, ...,  0.07670351,
        -0.05862142,  0.13171932]]), (<function cv_extract at 0x14846de5d700>, <dask_ml.model_selection.methods.CVCache object at 0x14847e0fd100>, array([[4.29108775e-01, 1.07832404e+01, 1.59597290e-01, ...,
        1.09484185e+07, 7.96831851e+06, 7.75169721e+06],
       [4.94188004e-01, 1.22574533e+01, 2.27465660e-01, ...,
        6.84526644e+06, 4.35633914e+06, 4.73874471e+
kwargs:    {}
Exception: "ValueError('Input y contains NaN.')"

2024-04-10 11:34:50,254 - distributed.worker - WARNING - Compute Failed
Key:       ('lasso-fit-f0d05bbcf1cbcdc42b3160481b747092', 6, 0)
Function:  execute_task
args:      ((<function fit at 0x14846de5daf0>, Lasso(), array([[ 0.62538665,  0.88034151,  1.61078899, ..., -1.15105721,
        -1.31617996, -1.20402951],
       [ 0.70437482,  0.39478092,  1.18995664, ..., -0.97338024,
        -1.10238181, -0.95794027],
       [ 0.61066739,  0.33383343,  0.98964677, ..., -0.93813381,
        -1.03716496, -0.85223416],
       ...,
       [-0.71626542,  2.02667338,  0.78111765, ..., -0.41865725,
        -0.55510163, -0.43747711],
       [-0.45513617,  1.6804795 ,  0.82127213, ..., -0.25193782,
        -0.43146421, -0.2767855 ],
       [-0.7187988 ,  1.88423748,  0.65736886, ..., -0.08180536,
        -0.25166281, -0.10158634]]), (<function cv_extract at 0x14846de5d700>, <dask_ml.model_selection.methods.CVCache object at 0x14847e0fd100>, array([[4.29108775e-01, 1.07832404e+01, 1.59597290e-01, ...,
        1.09484185e+07, 7.96831851e+06, 7.75169721e+06],
       [4.94188004e-01, 1.22574533e+01, 2.27465660e-01, ...,
        6.84526644e+06, 4.35633914e+06, 4.73874471e+
kwargs:    {}
Exception: "ValueError('Input y contains NaN.')"

2024-04-10 11:34:50,261 - distributed.worker - WARNING - Compute Failed
Key:       ('lasso-fit-f0d05bbcf1cbcdc42b3160481b747092', 2, 0)
Function:  execute_task
args:      ((<function fit at 0x14846de5daf0>, Lasso(), array([[ 0.62538665,  0.88034151,  1.61078899, ..., -1.15105721,
        -1.31617996, -1.20402951],
       [ 0.70437482,  0.39478092,  1.18995664, ..., -0.97338024,
        -1.10238181, -0.95794027],
       [ 0.61066739,  0.33383343,  0.98964677, ..., -0.93813381,
        -1.03716496, -0.85223416],
       ...,
       [-0.71626542,  2.02667338,  0.78111765, ..., -0.41865725,
        -0.55510163, -0.43747711],
       [-0.45513617,  1.6804795 ,  0.82127213, ..., -0.25193782,
        -0.43146421, -0.2767855 ],
       [-0.7187988 ,  1.88423748,  0.65736886, ..., -0.08180536,
        -0.25166281, -0.10158634]]), (<function cv_extract at 0x14846de5d700>, <dask_ml.model_selection.methods.CVCache object at 0x14847e0fd100>, array([[4.29108775e-01, 1.07832404e+01, 1.59597290e-01, ...,
        1.09484185e+07, 7.96831851e+06, 7.75169721e+06],
       [4.94188004e-01, 1.22574533e+01, 2.27465660e-01, ...,
        6.84526644e+06, 4.35633914e+06, 4.73874471e+
kwargs:    {}
Exception: "ValueError('Input y contains NaN.')"

2024-04-10 11:34:50,435 - distributed.worker - WARNING - Compute Failed
Key:       ('lasso-fit-f0d05bbcf1cbcdc42b3160481b747092', 19, 0)
Function:  execute_task
args:      ((<function fit at 0x14846de5daf0>, Lasso(), array([[ 0.62538665,  0.88034151,  1.61078899, ..., -1.15105721,
        -1.31617996, -1.20402951],
       [ 0.70437482,  0.39478092,  1.18995664, ..., -0.97338024,
        -1.10238181, -0.95794027],
       [ 0.61066739,  0.33383343,  0.98964677, ..., -0.93813381,
        -1.03716496, -0.85223416],
       ...,
       [-0.71626542,  2.02667338,  0.78111765, ..., -0.41865725,
        -0.55510163, -0.43747711],
       [-0.45513617,  1.6804795 ,  0.82127213, ..., -0.25193782,
        -0.43146421, -0.2767855 ],
       [-0.7187988 ,  1.88423748,  0.65736886, ..., -0.08180536,
        -0.25166281, -0.10158634]]), (<function cv_extract at 0x14846de5d700>, <dask_ml.model_selection.methods.CVCache object at 0x14847e0fd100>, array([[4.29108775e-01, 1.07832404e+01, 1.59597290e-01, ...,
        1.09484185e+07, 7.96831851e+06, 7.75169721e+06],
       [4.94188004e-01, 1.22574533e+01, 2.27465660e-01, ...,
        6.84526644e+06, 4.35633914e+06, 4.73874471e+
kwargs:    {}
Exception: "ValueError('Input y contains NaN.')"

2024-04-10 11:34:50,443 - distributed.worker - WARNING - Compute Failed
Key:       ('lasso-fit-f0d05bbcf1cbcdc42b3160481b747092', 8, 0)
Function:  execute_task
args:      ((<function fit at 0x14846de5daf0>, Lasso(), array([[ 0.62538665,  0.88034151,  1.61078899, ..., -1.15105721,
        -1.31617996, -1.20402951],
       [ 0.70437482,  0.39478092,  1.18995664, ..., -0.97338024,
        -1.10238181, -0.95794027],
       [ 0.61066739,  0.33383343,  0.98964677, ..., -0.93813381,
        -1.03716496, -0.85223416],
       ...,
       [-0.71626542,  2.02667338,  0.78111765, ..., -0.41865725,
        -0.55510163, -0.43747711],
       [-0.45513617,  1.6804795 ,  0.82127213, ..., -0.25193782,
        -0.43146421, -0.2767855 ],
       [-0.7187988 ,  1.88423748,  0.65736886, ..., -0.08180536,
        -0.25166281, -0.10158634]]), (<function cv_extract at 0x14846de5d700>, <dask_ml.model_selection.methods.CVCache object at 0x14847e0fd100>, array([[4.29108775e-01, 1.07832404e+01, 1.59597290e-01, ...,
        1.09484185e+07, 7.96831851e+06, 7.75169721e+06],
       [4.94188004e-01, 1.22574533e+01, 2.27465660e-01, ...,
        6.84526644e+06, 4.35633914e+06, 4.73874471e+
kwargs:    {}
Exception: "ValueError('Input y contains NaN.')"

2024-04-10 11:34:50,513 - distributed.worker - WARNING - Compute Failed
Key:       ('lasso-fit-f0d05bbcf1cbcdc42b3160481b747092', 9, 0)
Function:  execute_task
args:      ((<function fit at 0x14846de5daf0>, Lasso(), array([[ 0.62538665,  0.88034151,  1.61078899, ..., -1.15105721,
        -1.31617996, -1.20402951],
       [ 0.70437482,  0.39478092,  1.18995664, ..., -0.97338024,
        -1.10238181, -0.95794027],
       [ 0.61066739,  0.33383343,  0.98964677, ..., -0.93813381,
        -1.03716496, -0.85223416],
       ...,
       [-0.71626542,  2.02667338,  0.78111765, ..., -0.41865725,
        -0.55510163, -0.43747711],
       [-0.45513617,  1.6804795 ,  0.82127213, ..., -0.25193782,
        -0.43146421, -0.2767855 ],
       [-0.7187988 ,  1.88423748,  0.65736886, ..., -0.08180536,
        -0.25166281, -0.10158634]]), (<function cv_extract at 0x14846de5d700>, <dask_ml.model_selection.methods.CVCache object at 0x14847e0fd100>, array([[4.29108775e-01, 1.07832404e+01, 1.59597290e-01, ...,
        1.09484185e+07, 7.96831851e+06, 7.75169721e+06],
       [4.94188004e-01, 1.22574533e+01, 2.27465660e-01, ...,
        6.84526644e+06, 4.35633914e+06, 4.73874471e+
kwargs:    {}
Exception: "ValueError('Input y contains NaN.')"

2024-04-10 11:34:50,522 - distributed.worker - WARNING - Compute Failed
Key:       ('lasso-fit-f0d05bbcf1cbcdc42b3160481b747092', 18, 0)
Function:  execute_task
args:      ((<function fit at 0x14846de5daf0>, Lasso(), array([[ 0.62538665,  0.88034151,  1.61078899, ..., -1.15105721,
        -1.31617996, -1.20402951],
       [ 0.70437482,  0.39478092,  1.18995664, ..., -0.97338024,
        -1.10238181, -0.95794027],
       [ 0.61066739,  0.33383343,  0.98964677, ..., -0.93813381,
        -1.03716496, -0.85223416],
       ...,
       [-0.71626542,  2.02667338,  0.78111765, ..., -0.41865725,
        -0.55510163, -0.43747711],
       [-0.45513617,  1.6804795 ,  0.82127213, ..., -0.25193782,
        -0.43146421, -0.2767855 ],
       [-0.7187988 ,  1.88423748,  0.65736886, ..., -0.08180536,
        -0.25166281, -0.10158634]]), (<function cv_extract at 0x14846de5d700>, <dask_ml.model_selection.methods.CVCache object at 0x14847e0fd100>, array([[4.29108775e-01, 1.07832404e+01, 1.59597290e-01, ...,
        1.09484185e+07, 7.96831851e+06, 7.75169721e+06],
       [4.94188004e-01, 1.22574533e+01, 2.27465660e-01, ...,
        6.84526644e+06, 4.35633914e+06, 4.73874471e+
kwargs:    {}
Exception: "ValueError('Input y contains NaN.')"

2024-04-10 11:34:50,614 - distributed.worker - WARNING - Compute Failed
Key:       ('lasso-fit-f0d05bbcf1cbcdc42b3160481b747092', 5, 0)
Function:  execute_task
args:      ((<function fit at 0x14846de5daf0>, Lasso(), array([[ 0.62538665,  0.88034151,  1.61078899, ..., -1.15105721,
        -1.31617996, -1.20402951],
       [ 0.70437482,  0.39478092,  1.18995664, ..., -0.97338024,
        -1.10238181, -0.95794027],
       [ 0.61066739,  0.33383343,  0.98964677, ..., -0.93813381,
        -1.03716496, -0.85223416],
       ...,
       [-0.71626542,  2.02667338,  0.78111765, ..., -0.41865725,
        -0.55510163, -0.43747711],
       [-0.45513617,  1.6804795 ,  0.82127213, ..., -0.25193782,
        -0.43146421, -0.2767855 ],
       [-0.7187988 ,  1.88423748,  0.65736886, ..., -0.08180536,
        -0.25166281, -0.10158634]]), (<function cv_extract at 0x14846de5d700>, <dask_ml.model_selection.methods.CVCache object at 0x14847e0fd100>, array([[4.29108775e-01, 1.07832404e+01, 1.59597290e-01, ...,
        1.09484185e+07, 7.96831851e+06, 7.75169721e+06],
       [4.94188004e-01, 1.22574533e+01, 2.27465660e-01, ...,
        6.84526644e+06, 4.35633914e+06, 4.73874471e+
kwargs:    {}
Exception: "ValueError('Input y contains NaN.')"

2024-04-10 11:34:50,621 - distributed.worker - WARNING - Compute Failed
Key:       ('lasso-fit-f0d05bbcf1cbcdc42b3160481b747092', 7, 0)
Function:  execute_task
args:      ((<function fit at 0x14846de5daf0>, Lasso(), array([[ 0.62538665,  0.88034151,  1.61078899, ..., -1.15105721,
        -1.31617996, -1.20402951],
       [ 0.70437482,  0.39478092,  1.18995664, ..., -0.97338024,
        -1.10238181, -0.95794027],
       [ 0.61066739,  0.33383343,  0.98964677, ..., -0.93813381,
        -1.03716496, -0.85223416],
       ...,
       [-0.71626542,  2.02667338,  0.78111765, ..., -0.41865725,
        -0.55510163, -0.43747711],
       [-0.45513617,  1.6804795 ,  0.82127213, ..., -0.25193782,
        -0.43146421, -0.2767855 ],
       [-0.7187988 ,  1.88423748,  0.65736886, ..., -0.08180536,
        -0.25166281, -0.10158634]]), (<function cv_extract at 0x14846de5d700>, <dask_ml.model_selection.methods.CVCache object at 0x14847e0fd100>, array([[4.29108775e-01, 1.07832404e+01, 1.59597290e-01, ...,
        1.09484185e+07, 7.96831851e+06, 7.75169721e+06],
       [4.94188004e-01, 1.22574533e+01, 2.27465660e-01, ...,
        6.84526644e+06, 4.35633914e+06, 4.73874471e+
kwargs:    {}
Exception: "ValueError('Input y contains NaN.')"

2024-04-10 11:34:50,704 - distributed.worker - WARNING - Compute Failed
Key:       ('lasso-fit-f0d05bbcf1cbcdc42b3160481b747092', 25, 0)
Function:  execute_task
args:      ((<function fit at 0x14846de5daf0>, Lasso(), array([[ 0.62538665,  0.88034151,  1.61078899, ..., -1.15105721,
        -1.31617996, -1.20402951],
       [ 0.70437482,  0.39478092,  1.18995664, ..., -0.97338024,
        -1.10238181, -0.95794027],
       [ 0.61066739,  0.33383343,  0.98964677, ..., -0.93813381,
        -1.03716496, -0.85223416],
       ...,
       [-0.71626542,  2.02667338,  0.78111765, ..., -0.41865725,
        -0.55510163, -0.43747711],
       [-0.45513617,  1.6804795 ,  0.82127213, ..., -0.25193782,
        -0.43146421, -0.2767855 ],
       [-0.7187988 ,  1.88423748,  0.65736886, ..., -0.08180536,
        -0.25166281, -0.10158634]]), (<function cv_extract at 0x14846de5d700>, <dask_ml.model_selection.methods.CVCache object at 0x14847e0fd100>, array([[4.29108775e-01, 1.07832404e+01, 1.59597290e-01, ...,
        1.09484185e+07, 7.96831851e+06, 7.75169721e+06],
       [4.94188004e-01, 1.22574533e+01, 2.27465660e-01, ...,
        6.84526644e+06, 4.35633914e+06, 4.73874471e+
kwargs:    {}
Exception: "ValueError('Input y contains NaN.')"

2024-04-10 11:34:50,740 - distributed.worker - WARNING - Compute Failed
Key:       ('lasso-fit-f0d05bbcf1cbcdc42b3160481b747092', 14, 0)
Function:  execute_task
args:      ((<function fit at 0x14846de5daf0>, Lasso(), array([[ 0.62538665,  0.88034151,  1.61078899, ..., -1.15105721,
        -1.31617996, -1.20402951],
       [ 0.70437482,  0.39478092,  1.18995664, ..., -0.97338024,
        -1.10238181, -0.95794027],
       [ 0.61066739,  0.33383343,  0.98964677, ..., -0.93813381,
        -1.03716496, -0.85223416],
       ...,
       [-0.71626542,  2.02667338,  0.78111765, ..., -0.41865725,
        -0.55510163, -0.43747711],
       [-0.45513617,  1.6804795 ,  0.82127213, ..., -0.25193782,
        -0.43146421, -0.2767855 ],
       [-0.7187988 ,  1.88423748,  0.65736886, ..., -0.08180536,
        -0.25166281, -0.10158634]]), (<function cv_extract at 0x14846de5d700>, <dask_ml.model_selection.methods.CVCache object at 0x14847e0fd100>, array([[4.29108775e-01, 1.07832404e+01, 1.59597290e-01, ...,
        1.09484185e+07, 7.96831851e+06, 7.75169721e+06],
       [4.94188004e-01, 1.22574533e+01, 2.27465660e-01, ...,
        6.84526644e+06, 4.35633914e+06, 4.73874471e+
kwargs:    {}
Exception: "ValueError('Input y contains NaN.')"

2024-04-10 11:34:50,799 - distributed.worker - WARNING - Compute Failed
Key:       ('lasso-fit-f0d05bbcf1cbcdc42b3160481b747092', 3, 0)
Function:  execute_task
args:      ((<function fit at 0x14846de5daf0>, Lasso(), array([[ 0.62538665,  0.88034151,  1.61078899, ..., -1.15105721,
        -1.31617996, -1.20402951],
       [ 0.70437482,  0.39478092,  1.18995664, ..., -0.97338024,
        -1.10238181, -0.95794027],
       [ 0.61066739,  0.33383343,  0.98964677, ..., -0.93813381,
        -1.03716496, -0.85223416],
       ...,
       [-0.71626542,  2.02667338,  0.78111765, ..., -0.41865725,
        -0.55510163, -0.43747711],
       [-0.45513617,  1.6804795 ,  0.82127213, ..., -0.25193782,
        -0.43146421, -0.2767855 ],
       [-0.7187988 ,  1.88423748,  0.65736886, ..., -0.08180536,
        -0.25166281, -0.10158634]]), (<function cv_extract at 0x14846de5d700>, <dask_ml.model_selection.methods.CVCache object at 0x14847e0fd100>, array([[4.29108775e-01, 1.07832404e+01, 1.59597290e-01, ...,
        1.09484185e+07, 7.96831851e+06, 7.75169721e+06],
       [4.94188004e-01, 1.22574533e+01, 2.27465660e-01, ...,
        6.84526644e+06, 4.35633914e+06, 4.73874471e+
kwargs:    {}
Exception: "ValueError('Input y contains NaN.')"

2024-04-10 11:34:50,823 - distributed.worker - WARNING - Compute Failed
Key:       ('lasso-fit-f0d05bbcf1cbcdc42b3160481b747092', 1, 0)
Function:  execute_task
args:      ((<function fit at 0x14846de5daf0>, Lasso(), array([[ 0.62538665,  0.88034151,  1.61078899, ..., -1.15105721,
        -1.31617996, -1.20402951],
       [ 0.70437482,  0.39478092,  1.18995664, ..., -0.97338024,
        -1.10238181, -0.95794027],
       [ 0.61066739,  0.33383343,  0.98964677, ..., -0.93813381,
        -1.03716496, -0.85223416],
       ...,
       [-0.71626542,  2.02667338,  0.78111765, ..., -0.41865725,
        -0.55510163, -0.43747711],
       [-0.45513617,  1.6804795 ,  0.82127213, ..., -0.25193782,
        -0.43146421, -0.2767855 ],
       [-0.7187988 ,  1.88423748,  0.65736886, ..., -0.08180536,
        -0.25166281, -0.10158634]]), (<function cv_extract at 0x14846de5d700>, <dask_ml.model_selection.methods.CVCache object at 0x14847e0fd100>, array([[4.29108775e-01, 1.07832404e+01, 1.59597290e-01, ...,
        1.09484185e+07, 7.96831851e+06, 7.75169721e+06],
       [4.94188004e-01, 1.22574533e+01, 2.27465660e-01, ...,
        6.84526644e+06, 4.35633914e+06, 4.73874471e+
kwargs:    {}
Exception: "ValueError('Input y contains NaN.')"

2024-04-10 11:34:50,882 - distributed.worker - WARNING - Compute Failed
Key:       ('lasso-fit-f0d05bbcf1cbcdc42b3160481b747092', 12, 0)
Function:  execute_task
args:      ((<function fit at 0x14846de5daf0>, Lasso(), array([[ 0.62538665,  0.88034151,  1.61078899, ..., -1.15105721,
        -1.31617996, -1.20402951],
       [ 0.70437482,  0.39478092,  1.18995664, ..., -0.97338024,
        -1.10238181, -0.95794027],
       [ 0.61066739,  0.33383343,  0.98964677, ..., -0.93813381,
        -1.03716496, -0.85223416],
       ...,
       [-0.71626542,  2.02667338,  0.78111765, ..., -0.41865725,
        -0.55510163, -0.43747711],
       [-0.45513617,  1.6804795 ,  0.82127213, ..., -0.25193782,
        -0.43146421, -0.2767855 ],
       [-0.7187988 ,  1.88423748,  0.65736886, ..., -0.08180536,
        -0.25166281, -0.10158634]]), (<function cv_extract at 0x14846de5d700>, <dask_ml.model_selection.methods.CVCache object at 0x14847e0fd100>, array([[4.29108775e-01, 1.07832404e+01, 1.59597290e-01, ...,
        1.09484185e+07, 7.96831851e+06, 7.75169721e+06],
       [4.94188004e-01, 1.22574533e+01, 2.27465660e-01, ...,
        6.84526644e+06, 4.35633914e+06, 4.73874471e+
kwargs:    {}
Exception: "ValueError('Input y contains NaN.')"

2024-04-10 11:34:50,901 - distributed.worker - WARNING - Compute Failed
Key:       ('lasso-fit-f0d05bbcf1cbcdc42b3160481b747092', 21, 0)
Function:  execute_task
args:      ((<function fit at 0x14846de5daf0>, Lasso(), array([[ 0.62538665,  0.88034151,  1.61078899, ..., -1.15105721,
        -1.31617996, -1.20402951],
       [ 0.70437482,  0.39478092,  1.18995664, ..., -0.97338024,
        -1.10238181, -0.95794027],
       [ 0.61066739,  0.33383343,  0.98964677, ..., -0.93813381,
        -1.03716496, -0.85223416],
       ...,
       [-0.71626542,  2.02667338,  0.78111765, ..., -0.41865725,
        -0.55510163, -0.43747711],
       [-0.45513617,  1.6804795 ,  0.82127213, ..., -0.25193782,
        -0.43146421, -0.2767855 ],
       [-0.7187988 ,  1.88423748,  0.65736886, ..., -0.08180536,
        -0.25166281, -0.10158634]]), (<function cv_extract at 0x14846de5d700>, <dask_ml.model_selection.methods.CVCache object at 0x14847e0fd100>, array([[4.29108775e-01, 1.07832404e+01, 1.59597290e-01, ...,
        1.09484185e+07, 7.96831851e+06, 7.75169721e+06],
       [4.94188004e-01, 1.22574533e+01, 2.27465660e-01, ...,
        6.84526644e+06, 4.35633914e+06, 4.73874471e+
kwargs:    {}
Exception: "ValueError('Input y contains NaN.')"

2024-04-10 11:34:50,957 - distributed.worker - WARNING - Compute Failed
Key:       ('lasso-fit-f0d05bbcf1cbcdc42b3160481b747092', 10, 0)
Function:  execute_task
args:      ((<function fit at 0x14846de5daf0>, Lasso(), array([[ 0.62538665,  0.88034151,  1.61078899, ..., -1.15105721,
        -1.31617996, -1.20402951],
       [ 0.70437482,  0.39478092,  1.18995664, ..., -0.97338024,
        -1.10238181, -0.95794027],
       [ 0.61066739,  0.33383343,  0.98964677, ..., -0.93813381,
        -1.03716496, -0.85223416],
       ...,
       [-0.71626542,  2.02667338,  0.78111765, ..., -0.41865725,
        -0.55510163, -0.43747711],
       [-0.45513617,  1.6804795 ,  0.82127213, ..., -0.25193782,
        -0.43146421, -0.2767855 ],
       [-0.7187988 ,  1.88423748,  0.65736886, ..., -0.08180536,
        -0.25166281, -0.10158634]]), (<function cv_extract at 0x14846de5d700>, <dask_ml.model_selection.methods.CVCache object at 0x14847e0fd100>, array([[4.29108775e-01, 1.07832404e+01, 1.59597290e-01, ...,
        1.09484185e+07, 7.96831851e+06, 7.75169721e+06],
       [4.94188004e-01, 1.22574533e+01, 2.27465660e-01, ...,
        6.84526644e+06, 4.35633914e+06, 4.73874471e+
kwargs:    {}
Exception: "ValueError('Input y contains NaN.')"

2024-04-10 11:34:50,969 - distributed.worker - WARNING - Compute Failed
Key:       ('lasso-fit-f0d05bbcf1cbcdc42b3160481b747092', 29, 0)
Function:  execute_task
args:      ((<function fit at 0x14846de5daf0>, Lasso(), array([[ 0.62538665,  0.88034151,  1.61078899, ..., -1.15105721,
        -1.31617996, -1.20402951],
       [ 0.70437482,  0.39478092,  1.18995664, ..., -0.97338024,
        -1.10238181, -0.95794027],
       [ 0.61066739,  0.33383343,  0.98964677, ..., -0.93813381,
        -1.03716496, -0.85223416],
       ...,
       [-0.71626542,  2.02667338,  0.78111765, ..., -0.41865725,
        -0.55510163, -0.43747711],
       [-0.45513617,  1.6804795 ,  0.82127213, ..., -0.25193782,
        -0.43146421, -0.2767855 ],
       [-0.7187988 ,  1.88423748,  0.65736886, ..., -0.08180536,
        -0.25166281, -0.10158634]]), (<function cv_extract at 0x14846de5d700>, <dask_ml.model_selection.methods.CVCache object at 0x14847e0fd100>, array([[4.29108775e-01, 1.07832404e+01, 1.59597290e-01, ...,
        1.09484185e+07, 7.96831851e+06, 7.75169721e+06],
       [4.94188004e-01, 1.22574533e+01, 2.27465660e-01, ...,
        6.84526644e+06, 4.35633914e+06, 4.73874471e+
kwargs:    {}
Exception: "ValueError('Input y contains NaN.')"

2024-04-10 11:34:51,038 - distributed.worker - WARNING - Compute Failed
Key:       ('lasso-fit-f0d05bbcf1cbcdc42b3160481b747092', 17, 0)
Function:  execute_task
args:      ((<function fit at 0x14846de5daf0>, Lasso(), array([[ 0.62538665,  0.88034151,  1.61078899, ..., -1.15105721,
        -1.31617996, -1.20402951],
       [ 0.70437482,  0.39478092,  1.18995664, ..., -0.97338024,
        -1.10238181, -0.95794027],
       [ 0.61066739,  0.33383343,  0.98964677, ..., -0.93813381,
        -1.03716496, -0.85223416],
       ...,
       [-0.71626542,  2.02667338,  0.78111765, ..., -0.41865725,
        -0.55510163, -0.43747711],
       [-0.45513617,  1.6804795 ,  0.82127213, ..., -0.25193782,
        -0.43146421, -0.2767855 ],
       [-0.7187988 ,  1.88423748,  0.65736886, ..., -0.08180536,
        -0.25166281, -0.10158634]]), (<function cv_extract at 0x14846de5d700>, <dask_ml.model_selection.methods.CVCache object at 0x14847e0fd100>, array([[4.29108775e-01, 1.07832404e+01, 1.59597290e-01, ...,
        1.09484185e+07, 7.96831851e+06, 7.75169721e+06],
       [4.94188004e-01, 1.22574533e+01, 2.27465660e-01, ...,
        6.84526644e+06, 4.35633914e+06, 4.73874471e+
kwargs:    {}
Exception: "ValueError('Input y contains NaN.')"

2024-04-10 11:34:51,048 - distributed.worker - WARNING - Compute Failed
Key:       ('lasso-fit-f0d05bbcf1cbcdc42b3160481b747092', 15, 0)
Function:  execute_task
args:      ((<function fit at 0x14846de5daf0>, Lasso(), array([[ 0.62538665,  0.88034151,  1.61078899, ..., -1.15105721,
        -1.31617996, -1.20402951],
       [ 0.70437482,  0.39478092,  1.18995664, ..., -0.97338024,
        -1.10238181, -0.95794027],
       [ 0.61066739,  0.33383343,  0.98964677, ..., -0.93813381,
        -1.03716496, -0.85223416],
       ...,
       [-0.71626542,  2.02667338,  0.78111765, ..., -0.41865725,
        -0.55510163, -0.43747711],
       [-0.45513617,  1.6804795 ,  0.82127213, ..., -0.25193782,
        -0.43146421, -0.2767855 ],
       [-0.7187988 ,  1.88423748,  0.65736886, ..., -0.08180536,
        -0.25166281, -0.10158634]]), (<function cv_extract at 0x14846de5d700>, <dask_ml.model_selection.methods.CVCache object at 0x14847e0fd100>, array([[4.29108775e-01, 1.07832404e+01, 1.59597290e-01, ...,
        1.09484185e+07, 7.96831851e+06, 7.75169721e+06],
       [4.94188004e-01, 1.22574533e+01, 2.27465660e-01, ...,
        6.84526644e+06, 4.35633914e+06, 4.73874471e+
kwargs:    {}
Exception: "ValueError('Input y contains NaN.')"

slurmstepd: error: *** JOB 12177032 ON ceres18-compute-9 CANCELLED AT 2024-04-10T11:36:20 ***
