2024-04-10 11:30:19,888 - distributed.nanny - INFO -         Start Nanny at: 'tcp://10.1.8.119:45717'
2024-04-10 11:30:48,970 - distributed.worker - INFO -       Start worker at:     tcp://10.1.8.119:38901
2024-04-10 11:30:48,975 - distributed.worker - INFO -          Listening to:     tcp://10.1.8.119:38901
2024-04-10 11:30:48,979 - distributed.worker - INFO -           Worker name:            SLURMCluster-18
2024-04-10 11:30:48,985 - distributed.worker - INFO -          dashboard at:           10.1.8.119:38747
2024-04-10 11:30:48,990 - distributed.worker - INFO - Waiting to connect to:     tcp://10.1.8.115:34365
2024-04-10 11:30:48,994 - distributed.worker - INFO - -------------------------------------------------
2024-04-10 11:30:48,998 - distributed.worker - INFO -               Threads:                          2
2024-04-10 11:30:49,006 - distributed.worker - INFO -                Memory:                   7.45 GiB
2024-04-10 11:30:49,012 - distributed.worker - INFO -       Local Directory: /local/bgfs/sean.kearney/12177031/dask-scratch-space/worker-qill0ns5
2024-04-10 11:30:49,016 - distributed.worker - INFO - -------------------------------------------------
2024-04-10 11:31:03,027 - distributed.worker - INFO - Starting Worker plugin shuffle
2024-04-10 11:31:03,032 - distributed.worker - INFO -         Registered to:     tcp://10.1.8.115:34365
2024-04-10 11:31:03,036 - distributed.worker - INFO - -------------------------------------------------
2024-04-10 11:31:03,040 - distributed.core - INFO - Starting established connection to tcp://10.1.8.115:34365
2024-04-10 11:33:26,209 - distributed.core - INFO - Event loop was unresponsive in Worker for 14.15s.  This is often caused by long-running GIL-holding functions or moving large chunks of data. This can cause timeouts and instability.
2024-04-10 11:33:48,088 - distributed.worker - WARNING - Compute Failed
Key:       ('lasso-fit-ffad90fdbdb184da1904276b7c1809b1', 9, 2)
Function:  execute_task
args:      ((<function fit at 0x151482ee4a60>, Lasso(), array([[ 1.38458002, -1.18313493,  0.41405755, ...,  1.3137576 ,
         0.98791339, -0.52520919],
       [ 2.0413414 , -0.58438227,  2.49581173, ..., -0.82748182,
        -1.19609704, -1.66370958],
       [ 1.01024763, -0.00858973,  1.2603902 , ..., -1.09942603,
        -1.2026998 , -1.23129857],
       ...,
       [-0.68711911,  1.77324004,  0.61724081, ..., -0.40647919,
        -0.51484232, -0.36224773],
       [-0.4411842 ,  1.45603512,  0.65428435, ..., -0.24150042,
        -0.39421841, -0.20938212],
       [-0.68950508,  1.64273118,  0.50307936, ..., -0.07314425,
        -0.21879945, -0.04271552]]), (<function cv_extract at 0x151482ee4670>, <dask_ml.model_selection.methods.CVCache object at 0x151482ee8a60>, array([[4.29108775e-01, 1.07832404e+01, 1.59597290e-01, ...,
        1.09484185e+07, 7.96831851e+06, 7.75169721e+06],
       [4.94188004e-01, 1.22574533e+01, 2.27465660e-01, ...,
        6.84526644e+06, 4.35633914e+06, 4.73874471e+
kwargs:    {}
Exception: "ValueError('Input y contains NaN.')"

2024-04-10 11:33:48,096 - distributed.worker - WARNING - Compute Failed
Key:       ('lasso-fit-ffad90fdbdb184da1904276b7c1809b1', 5, 5)
Function:  execute_task
args:      ((<function fit at 0x151482ee4a60>, Lasso(), array([[ 1.27499663, -1.20534121,  0.28280323, ...,  1.56613211,
         1.30363373, -0.3440995 ],
       [ 1.94472528, -0.60357778,  2.5004271 , ..., -0.66885818,
        -1.07882234, -1.69067899],
       [ 0.89327331, -0.02488991,  1.1843734 , ..., -0.95270905,
        -1.08602505, -1.17923797],
       ...,
       [-0.8376067 ,  1.76589964,  0.49924763, ..., -0.2294226 ,
        -0.3356668 , -0.15135424],
       [-0.58681598,  1.44709968,  0.53870889, ..., -0.05722049,
        -0.20408265,  0.02944999],
       [-0.84003977,  1.63473453,  0.37763521, ...,  0.1185069 ,
        -0.01272461,  0.22657758]]), (<function cv_extract at 0x151482ee4670>, <dask_ml.model_selection.methods.CVCache object at 0x151482ee8a60>, array([[4.29108775e-01, 1.07832404e+01, 1.59597290e-01, ...,
        1.09484185e+07, 7.96831851e+06, 7.75169721e+06],
       [4.94188004e-01, 1.22574533e+01, 2.27465660e-01, ...,
        6.84526644e+06, 4.35633914e+06, 4.73874471e+
kwargs:    {}
Exception: "ValueError('Input y contains NaN.')"

2024-04-10 11:34:50,695 - distributed.worker - WARNING - Compute Failed
Key:       ('lasso-fit-f0d05bbcf1cbcdc42b3160481b747092', 29, 5)
Function:  execute_task
args:      ((<function fit at 0x151482ee4a60>, Lasso(), array([[ 1.27499663, -1.20534121,  0.28280323, ...,  1.56613211,
         1.30363373, -0.3440995 ],
       [ 1.94472528, -0.60357778,  2.5004271 , ..., -0.66885818,
        -1.07882234, -1.69067899],
       [ 0.89327331, -0.02488991,  1.1843734 , ..., -0.95270905,
        -1.08602505, -1.17923797],
       ...,
       [-0.8376067 ,  1.76589964,  0.49924763, ..., -0.2294226 ,
        -0.3356668 , -0.15135424],
       [-0.58681598,  1.44709968,  0.53870889, ..., -0.05722049,
        -0.20408265,  0.02944999],
       [-0.84003977,  1.63473453,  0.37763521, ...,  0.1185069 ,
        -0.01272461,  0.22657758]]), (<function cv_extract at 0x151482ee4670>, <dask_ml.model_selection.methods.CVCache object at 0x15148152d1f0>, array([[4.29108775e-01, 1.07832404e+01, 1.59597290e-01, ...,
        1.09484185e+07, 7.96831851e+06, 7.75169721e+06],
       [4.94188004e-01, 1.22574533e+01, 2.27465660e-01, ...,
        6.84526644e+06, 4.35633914e+06, 4.73874471e+
kwargs:    {}
Exception: "ValueError('Input y contains NaN.')"

2024-04-10 11:34:50,895 - distributed.worker - WARNING - Compute Failed
Key:       ('lasso-fit-f0d05bbcf1cbcdc42b3160481b747092', 11, 3)
Function:  execute_task
args:      ((<function fit at 0x151482ee4a60>, Lasso(), array([[ 1.37228388, -1.15684771,  0.40289117, ...,  1.31835935,
         0.98988828, -0.5057341 ],
       [ 2.04459575, -0.55374162,  2.50158603, ..., -0.83095765,
        -1.19392924, -1.64399679],
       [ 0.98908822,  0.02623741,  1.25611101, ..., -1.10392774,
        -1.20053142, -1.21167606],
       ...,
       [-0.74846797,  1.82102257,  0.60772787, ..., -0.40836684,
        -0.51273469, -0.34280667],
       [-0.49670993,  1.5015113 ,  0.64507286, ..., -0.2427657 ,
        -0.39212144, -0.18997298],
       [-0.75091043,  1.6895648 ,  0.49263741, ..., -0.07377443,
        -0.21671798, -0.02334117]]), (<function cv_extract at 0x151482ee4670>, <dask_ml.model_selection.methods.CVCache object at 0x15148152d1f0>, array([[4.29108775e-01, 1.07832404e+01, 1.59597290e-01, ...,
        1.09484185e+07, 7.96831851e+06, 7.75169721e+06],
       [4.94188004e-01, 1.22574533e+01, 2.27465660e-01, ...,
        6.84526644e+06, 4.35633914e+06, 4.73874471e+
kwargs:    {}
Exception: "ValueError('Input y contains NaN.')"

/project/cper_neon_aop/conda_envs/py_ml_env/lib/python3.9/site-packages/sklearn/linear_model/_coordinate_descent.py:678: ConvergenceWarning: Objective did not converge. You might want to increase the number of iterations, check the scale of the features or consider increasing regularisation. Duality gap: 6.045e+04, tolerance: 5.416e+01
  model = cd_fast.enet_coordinate_descent(
/project/cper_neon_aop/conda_envs/py_ml_env/lib/python3.9/site-packages/sklearn/linear_model/_coordinate_descent.py:678: ConvergenceWarning: Objective did not converge. You might want to increase the number of iterations, check the scale of the features or consider increasing regularisation. Duality gap: 6.707e+04, tolerance: 5.416e+01
  model = cd_fast.enet_coordinate_descent(
2024-04-10 11:34:56,612 - distributed.worker - WARNING - Compute Failed
Key:       ('score-f0d05bbcf1cbcdc42b3160481b747092', 0, 8)
Function:  execute_task
args:      ((<function score at 0x151482ee4c10>, (Pipeline(steps=[('scaler', StandardScaler()), ('LASSO', Lasso(alpha=0.001))]), 5.658146673998999), (<function cv_extract at 0x151482ee4670>, <dask_ml.model_selection.methods.CVCache object at 0x15148152d1f0>, array([[4.29108775e-01, 1.07832404e+01, 1.59597290e-01, ...,
        1.09484185e+07, 7.96831851e+06, 7.75169721e+06],
       [4.94188004e-01, 1.22574533e+01, 2.27465660e-01, ...,
        6.84526644e+06, 4.35633914e+06, 4.73874471e+06],
       [3.92015754e-01, 1.36751351e+01, 1.87189029e-01, ...,
        6.32415309e+06, 4.34541931e+06, 5.88308674e+06],
       ...,
       [2.23821763e-01, 1.80622494e+01, 1.66221375e-01, ...,
        7.65201312e+06, 5.48301783e+06, 8.18296198e+06],
       [2.48191731e-01, 1.72812465e+01, 1.67429051e-01, ...,
        7.96815385e+06, 5.68250913e+06, 8.58750890e+06],
       [2.23585335e-01, 1.77409183e+01, 1.62499537e-01, ...,
        8.29076651e+06, 5.97262205e+06, 9.02857907e+06]]), 864     23.010737
865     43.2
kwargs:    {}
Exception: "ValueError('Input contains NaN.')"

slurmstepd: error: *** JOB 12177031 ON ceres18-compute-9 CANCELLED AT 2024-04-10T11:36:20 ***
